{"/home/wadahadlan/Desktop/BrandonLondonTV/frontend/components/about.jsx": {"path":"/home/wadahadlan/Desktop/BrandonLondonTV/frontend/components/about.jsx","statementMap":{"0":{"start":{"line":8,"column":4},"end":{"line":115,"column":6}}},"fnMap":{"0":{"name":"(anonymous_0)","decl":{"start":{"line":7,"column":2},"end":{"line":7,"column":3}},"loc":{"start":{"line":7,"column":11},"end":{"line":116,"column":3}},"line":7}},"branchMap":{},"s":{"0":3},"f":{"0":3},"b":{},"_coverageSchema":"332fd63041d2c1bcb487cc26dd0d5f7d97098a6c","hash":"aea2a4a85ce34975563d767c03a8b4400979399c"}
}
