{"/home/wadah/Desktop/BrandonLondonTV/frontend/brandon_london_tv.jsx": {"path":"/home/wadah/Desktop/BrandonLondonTV/frontend/brandon_london_tv.jsx","statementMap":{"0":{"start":{"line":3,"column":13},"end":{"line":3,"column":29}},"1":{"start":{"line":5,"column":14},"end":{"line":5,"column":44}},"2":{"start":{"line":7,"column":16},"end":{"line":7,"column":36}},"3":{"start":{"line":9,"column":17},"end":{"line":9,"column":50}},"4":{"start":{"line":11,"column":12},"end":{"line":11,"column":40}},"5":{"start":{"line":13,"column":13},"end":{"line":13,"column":42}},"6":{"start":{"line":15,"column":39},"end":{"line":15,"column":93}},"7":{"start":{"line":17,"column":0},"end":{"line":20,"column":3}},"8":{"start":{"line":18,"column":13},"end":{"line":18,"column":44}},"9":{"start":{"line":19,"column":2},"end":{"line":19,"column":87}}},"fnMap":{"0":{"name":"_interopRequireDefault","decl":{"start":{"line":15,"column":9},"end":{"line":15,"column":31}},"loc":{"start":{"line":15,"column":37},"end":{"line":15,"column":95}},"line":15},"1":{"name":"(anonymous_1)","decl":{"start":{"line":17,"column":46},"end":{"line":17,"column":47}},"loc":{"start":{"line":17,"column":58},"end":{"line":20,"column":1}},"line":17}},"branchMap":{"0":{"loc":{"start":{"line":15,"column":46},"end":{"line":15,"column":92}},"type":"cond-expr","locations":[{"start":{"line":15,"column":70},"end":{"line":15,"column":73}},{"start":{"line":15,"column":76},"end":{"line":15,"column":92}}],"line":15},"1":{"loc":{"start":{"line":15,"column":46},"end":{"line":15,"column":67}},"type":"binary-expr","locations":[{"start":{"line":15,"column":46},"end":{"line":15,"column":49}},{"start":{"line":15,"column":53},"end":{"line":15,"column":67}}],"line":15}},"s":{"0":0,"1":0,"2":0,"3":0,"4":0,"5":0,"6":0,"7":0,"8":0,"9":0},"f":{"0":0,"1":0},"b":{"0":[0,0],"1":[0,0]}}
,"/home/wadah/Desktop/BrandonLondonTV/frontend/components/App.jsx": {"path":"/home/wadah/Desktop/BrandonLondonTV/frontend/components/App.jsx","statementMap":{"0":{"start":{"line":3,"column":0},"end":{"line":5,"column":3}},"1":{"start":{"line":7,"column":19},"end":{"line":7,"column":563}},"2":{"start":{"line":7,"column":76},"end":{"line":7,"column":347}},"3":{"start":{"line":7,"column":134},"end":{"line":7,"column":142}},"4":{"start":{"line":7,"column":144},"end":{"line":7,"column":199}},"5":{"start":{"line":7,"column":200},"end":{"line":7,"column":231}},"6":{"start":{"line":7,"column":232},"end":{"line":7,"column":286}},"7":{"start":{"line":7,"column":259},"end":{"line":7,"column":286}},"8":{"start":{"line":7,"column":287},"end":{"line":7,"column":345}},"9":{"start":{"line":7,"column":350},"end":{"line":7,"column":559}},"10":{"start":{"line":7,"column":407},"end":{"line":7,"column":475}},"11":{"start":{"line":7,"column":423},"end":{"line":7,"column":475}},"12":{"start":{"line":7,"column":476},"end":{"line":7,"column":536}},"13":{"start":{"line":7,"column":493},"end":{"line":7,"column":536}},"14":{"start":{"line":7,"column":537},"end":{"line":7,"column":556}},"15":{"start":{"line":9,"column":13},"end":{"line":9,"column":29}},"16":{"start":{"line":11,"column":14},"end":{"line":11,"column":44}},"17":{"start":{"line":13,"column":22},"end":{"line":13,"column":49}},"18":{"start":{"line":15,"column":14},"end":{"line":15,"column":33}},"19":{"start":{"line":17,"column":15},"end":{"line":17,"column":46}},"20":{"start":{"line":19,"column":14},"end":{"line":19,"column":33}},"21":{"start":{"line":21,"column":15},"end":{"line":21,"column":46}},"22":{"start":{"line":23,"column":15},"end":{"line":23,"column":35}},"23":{"start":{"line":25,"column":16},"end":{"line":25,"column":48}},"24":{"start":{"line":27,"column":13},"end":{"line":27,"column":31}},"25":{"start":{"line":29,"column":14},"end":{"line":29,"column":44}},"26":{"start":{"line":31,"column":12},"end":{"line":31,"column":29}},"27":{"start":{"line":33,"column":13},"end":{"line":33,"column":42}},"28":{"start":{"line":35,"column":13},"end":{"line":35,"column":31}},"29":{"start":{"line":37,"column":14},"end":{"line":37,"column":44}},"30":{"start":{"line":39,"column":12},"end":{"line":39,"column":29}},"31":{"start":{"line":41,"column":13},"end":{"line":41,"column":42}},"32":{"start":{"line":43,"column":17},"end":{"line":43,"column":39}},"33":{"start":{"line":45,"column":18},"end":{"line":45,"column":52}},"34":{"start":{"line":47,"column":23},"end":{"line":47,"column":51}},"35":{"start":{"line":49,"column":24},"end":{"line":49,"column":64}},"36":{"start":{"line":51,"column":15},"end":{"line":51,"column":35}},"37":{"start":{"line":53,"column":16},"end":{"line":53,"column":48}},"38":{"start":{"line":55,"column":21},"end":{"line":55,"column":47}},"39":{"start":{"line":57,"column":22},"end":{"line":57,"column":60}},"40":{"start":{"line":59,"column":39},"end":{"line":59,"column":93}},"41":{"start":{"line":61,"column":50},"end":{"line":61,"column":151}},"42":{"start":{"line":61,"column":92},"end":{"line":61,"column":149}},"43":{"start":{"line":63,"column":50},"end":{"line":63,"column":151}},"44":{"start":{"line":63,"column":63},"end":{"line":63,"column":149}},"45":{"start":{"line":63,"column":152},"end":{"line":63,"column":238}},"46":{"start":{"line":65,"column":43},"end":{"line":65,"column":208}},"47":{"start":{"line":65,"column":106},"end":{"line":65,"column":206}},"48":{"start":{"line":65,"column":209},"end":{"line":65,"column":373}},"49":{"start":{"line":65,"column":374},"end":{"line":65,"column":492}},"50":{"start":{"line":65,"column":390},"end":{"line":65,"column":492}},"51":{"start":{"line":67,"column":10},"end":{"line":109,"column":28}},"52":{"start":{"line":68,"column":1},"end":{"line":68,"column":34}},"53":{"start":{"line":71,"column":2},"end":{"line":71,"column":29}},"54":{"start":{"line":73,"column":2},"end":{"line":73,"column":100}},"55":{"start":{"line":76,"column":1},"end":{"line":106,"column":5}},"56":{"start":{"line":79,"column":3},"end":{"line":79,"column":25}},"57":{"start":{"line":85,"column":3},"end":{"line":104,"column":5}},"58":{"start":{"line":108,"column":1},"end":{"line":108,"column":12}},"59":{"start":{"line":111,"column":0},"end":{"line":111,"column":22}}},"fnMap":{"0":{"name":"(anonymous_0)","decl":{"start":{"line":7,"column":19},"end":{"line":7,"column":20}},"loc":{"start":{"line":7,"column":31},"end":{"line":7,"column":561}},"line":7},"1":{"name":"defineProperties","decl":{"start":{"line":7,"column":42},"end":{"line":7,"column":58}},"loc":{"start":{"line":7,"column":74},"end":{"line":7,"column":349}},"line":7},"2":{"name":"(anonymous_2)","decl":{"start":{"line":7,"column":357},"end":{"line":7,"column":358}},"loc":{"start":{"line":7,"column":405},"end":{"line":7,"column":558}},"line":7},"3":{"name":"_interopRequireDefault","decl":{"start":{"line":59,"column":9},"end":{"line":59,"column":31}},"loc":{"start":{"line":59,"column":37},"end":{"line":59,"column":95}},"line":59},"4":{"name":"_classCallCheck","decl":{"start":{"line":61,"column":9},"end":{"line":61,"column":24}},"loc":{"start":{"line":61,"column":48},"end":{"line":61,"column":153}},"line":61},"5":{"name":"_possibleConstructorReturn","decl":{"start":{"line":63,"column":9},"end":{"line":63,"column":35}},"loc":{"start":{"line":63,"column":48},"end":{"line":63,"column":240}},"line":63},"6":{"name":"_inherits","decl":{"start":{"line":65,"column":9},"end":{"line":65,"column":18}},"loc":{"start":{"line":65,"column":41},"end":{"line":65,"column":494}},"line":65},"7":{"name":"(anonymous_7)","decl":{"start":{"line":67,"column":10},"end":{"line":67,"column":11}},"loc":{"start":{"line":67,"column":38},"end":{"line":109,"column":1}},"line":67},"8":{"name":"App","decl":{"start":{"line":70,"column":10},"end":{"line":70,"column":13}},"loc":{"start":{"line":70,"column":16},"end":{"line":74,"column":2}},"line":70},"9":{"name":"componentWillUpdate","decl":{"start":{"line":78,"column":18},"end":{"line":78,"column":37}},"loc":{"start":{"line":78,"column":40},"end":{"line":80,"column":3}},"line":78},"10":{"name":"render","decl":{"start":{"line":83,"column":18},"end":{"line":83,"column":24}},"loc":{"start":{"line":83,"column":27},"end":{"line":105,"column":3}},"line":83}},"branchMap":{"0":{"loc":{"start":{"line":7,"column":168},"end":{"line":7,"column":198}},"type":"binary-expr","locations":[{"start":{"line":7,"column":168},"end":{"line":7,"column":189}},{"start":{"line":7,"column":193},"end":{"line":7,"column":198}}],"line":7},"1":{"loc":{"start":{"line":7,"column":232},"end":{"line":7,"column":286}},"type":"if","locations":[{"start":{"line":7,"column":232},"end":{"line":7,"column":286}},{"start":{"line":7,"column":232},"end":{"line":7,"column":286}}],"line":7},"2":{"loc":{"start":{"line":7,"column":407},"end":{"line":7,"column":475}},"type":"if","locations":[{"start":{"line":7,"column":407},"end":{"line":7,"column":475}},{"start":{"line":7,"column":407},"end":{"line":7,"column":475}}],"line":7},"3":{"loc":{"start":{"line":7,"column":476},"end":{"line":7,"column":536}},"type":"if","locations":[{"start":{"line":7,"column":476},"end":{"line":7,"column":536}},{"start":{"line":7,"column":476},"end":{"line":7,"column":536}}],"line":7},"4":{"loc":{"start":{"line":59,"column":46},"end":{"line":59,"column":92}},"type":"cond-expr","locations":[{"start":{"line":59,"column":70},"end":{"line":59,"column":73}},{"start":{"line":59,"column":76},"end":{"line":59,"column":92}}],"line":59},"5":{"loc":{"start":{"line":59,"column":46},"end":{"line":59,"column":67}},"type":"binary-expr","locations":[{"start":{"line":59,"column":46},"end":{"line":59,"column":49}},{"start":{"line":59,"column":53},"end":{"line":59,"column":67}}],"line":59},"6":{"loc":{"start":{"line":61,"column":50},"end":{"line":61,"column":151}},"type":"if","locations":[{"start":{"line":61,"column":50},"end":{"line":61,"column":151}},{"start":{"line":61,"column":50},"end":{"line":61,"column":151}}],"line":61},"7":{"loc":{"start":{"line":63,"column":50},"end":{"line":63,"column":151}},"type":"if","locations":[{"start":{"line":63,"column":50},"end":{"line":63,"column":151}},{"start":{"line":63,"column":50},"end":{"line":63,"column":151}}],"line":63},"8":{"loc":{"start":{"line":63,"column":159},"end":{"line":63,"column":237}},"type":"cond-expr","locations":[{"start":{"line":63,"column":226},"end":{"line":63,"column":230}},{"start":{"line":63,"column":233},"end":{"line":63,"column":237}}],"line":63},"9":{"loc":{"start":{"line":63,"column":159},"end":{"line":63,"column":223}},"type":"binary-expr","locations":[{"start":{"line":63,"column":159},"end":{"line":63,"column":163}},{"start":{"line":63,"column":168},"end":{"line":63,"column":192}},{"start":{"line":63,"column":196},"end":{"line":63,"column":222}}],"line":63},"10":{"loc":{"start":{"line":65,"column":43},"end":{"line":65,"column":208}},"type":"if","locations":[{"start":{"line":65,"column":43},"end":{"line":65,"column":208}},{"start":{"line":65,"column":43},"end":{"line":65,"column":208}}],"line":65},"11":{"loc":{"start":{"line":65,"column":47},"end":{"line":65,"column":102}},"type":"binary-expr","locations":[{"start":{"line":65,"column":47},"end":{"line":65,"column":79}},{"start":{"line":65,"column":83},"end":{"line":65,"column":102}}],"line":65},"12":{"loc":{"start":{"line":65,"column":244},"end":{"line":65,"column":278}},"type":"binary-expr","locations":[{"start":{"line":65,"column":244},"end":{"line":65,"column":254}},{"start":{"line":65,"column":258},"end":{"line":65,"column":278}}],"line":65},"13":{"loc":{"start":{"line":65,"column":374},"end":{"line":65,"column":492}},"type":"if","locations":[{"start":{"line":65,"column":374},"end":{"line":65,"column":492}},{"start":{"line":65,"column":374},"end":{"line":65,"column":492}}],"line":65},"14":{"loc":{"start":{"line":65,"column":390},"end":{"line":65,"column":491}},"type":"cond-expr","locations":[{"start":{"line":65,"column":414},"end":{"line":65,"column":457}},{"start":{"line":65,"column":460},"end":{"line":65,"column":491}}],"line":65},"15":{"loc":{"start":{"line":73,"column":43},"end":{"line":73,"column":86}},"type":"binary-expr","locations":[{"start":{"line":73,"column":43},"end":{"line":73,"column":56}},{"start":{"line":73,"column":60},"end":{"line":73,"column":86}}],"line":73}},"s":{"0":0,"1":0,"2":0,"3":0,"4":0,"5":0,"6":0,"7":0,"8":0,"9":0,"10":0,"11":0,"12":0,"13":0,"14":0,"15":0,"16":0,"17":0,"18":0,"19":0,"20":0,"21":0,"22":0,"23":0,"24":0,"25":0,"26":0,"27":0,"28":0,"29":0,"30":0,"31":0,"32":0,"33":0,"34":0,"35":0,"36":0,"37":0,"38":0,"39":0,"40":0,"41":0,"42":0,"43":0,"44":0,"45":0,"46":0,"47":0,"48":0,"49":0,"50":0,"51":0,"52":0,"53":0,"54":0,"55":0,"56":0,"57":0,"58":0,"59":0},"f":{"0":0,"1":0,"2":0,"3":0,"4":0,"5":0,"6":0,"7":0,"8":0,"9":0,"10":0},"b":{"0":[0,0],"1":[0,0],"2":[0,0],"3":[0,0],"4":[0,0],"5":[0,0],"6":[0,0],"7":[0,0],"8":[0,0],"9":[0,0,0],"10":[0,0],"11":[0,0],"12":[0,0],"13":[0,0],"14":[0,0],"15":[0,0]}}
,"/home/wadah/Desktop/BrandonLondonTV/frontend/components/about.jsx": {"path":"/home/wadah/Desktop/BrandonLondonTV/frontend/components/about.jsx","statementMap":{"0":{"start":{"line":3,"column":0},"end":{"line":5,"column":3}},"1":{"start":{"line":7,"column":19},"end":{"line":7,"column":563}},"2":{"start":{"line":7,"column":76},"end":{"line":7,"column":347}},"3":{"start":{"line":7,"column":134},"end":{"line":7,"column":142}},"4":{"start":{"line":7,"column":144},"end":{"line":7,"column":199}},"5":{"start":{"line":7,"column":200},"end":{"line":7,"column":231}},"6":{"start":{"line":7,"column":232},"end":{"line":7,"column":286}},"7":{"start":{"line":7,"column":259},"end":{"line":7,"column":286}},"8":{"start":{"line":7,"column":287},"end":{"line":7,"column":345}},"9":{"start":{"line":7,"column":350},"end":{"line":7,"column":559}},"10":{"start":{"line":7,"column":407},"end":{"line":7,"column":475}},"11":{"start":{"line":7,"column":423},"end":{"line":7,"column":475}},"12":{"start":{"line":7,"column":476},"end":{"line":7,"column":536}},"13":{"start":{"line":7,"column":493},"end":{"line":7,"column":536}},"14":{"start":{"line":7,"column":537},"end":{"line":7,"column":556}},"15":{"start":{"line":9,"column":13},"end":{"line":9,"column":29}},"16":{"start":{"line":11,"column":14},"end":{"line":11,"column":44}},"17":{"start":{"line":13,"column":39},"end":{"line":13,"column":93}},"18":{"start":{"line":15,"column":50},"end":{"line":15,"column":151}},"19":{"start":{"line":15,"column":92},"end":{"line":15,"column":149}},"20":{"start":{"line":17,"column":50},"end":{"line":17,"column":151}},"21":{"start":{"line":17,"column":63},"end":{"line":17,"column":149}},"22":{"start":{"line":17,"column":152},"end":{"line":17,"column":238}},"23":{"start":{"line":19,"column":43},"end":{"line":19,"column":208}},"24":{"start":{"line":19,"column":106},"end":{"line":19,"column":206}},"25":{"start":{"line":19,"column":209},"end":{"line":19,"column":373}},"26":{"start":{"line":19,"column":374},"end":{"line":19,"column":492}},"27":{"start":{"line":19,"column":390},"end":{"line":19,"column":492}},"28":{"start":{"line":21,"column":12},"end":{"line":156,"column":28}},"29":{"start":{"line":22,"column":2},"end":{"line":22,"column":37}},"30":{"start":{"line":25,"column":4},"end":{"line":25,"column":33}},"31":{"start":{"line":27,"column":4},"end":{"line":27,"column":118}},"32":{"start":{"line":30,"column":2},"end":{"line":153,"column":6}},"33":{"start":{"line":37,"column":6},"end":{"line":151,"column":8}},"34":{"start":{"line":155,"column":2},"end":{"line":155,"column":15}},"35":{"start":{"line":158,"column":0},"end":{"line":158,"column":24}}},"fnMap":{"0":{"name":"(anonymous_0)","decl":{"start":{"line":7,"column":19},"end":{"line":7,"column":20}},"loc":{"start":{"line":7,"column":31},"end":{"line":7,"column":561}},"line":7},"1":{"name":"defineProperties","decl":{"start":{"line":7,"column":42},"end":{"line":7,"column":58}},"loc":{"start":{"line":7,"column":74},"end":{"line":7,"column":349}},"line":7},"2":{"name":"(anonymous_2)","decl":{"start":{"line":7,"column":357},"end":{"line":7,"column":358}},"loc":{"start":{"line":7,"column":405},"end":{"line":7,"column":558}},"line":7},"3":{"name":"_interopRequireDefault","decl":{"start":{"line":13,"column":9},"end":{"line":13,"column":31}},"loc":{"start":{"line":13,"column":37},"end":{"line":13,"column":95}},"line":13},"4":{"name":"_classCallCheck","decl":{"start":{"line":15,"column":9},"end":{"line":15,"column":24}},"loc":{"start":{"line":15,"column":48},"end":{"line":15,"column":153}},"line":15},"5":{"name":"_possibleConstructorReturn","decl":{"start":{"line":17,"column":9},"end":{"line":17,"column":35}},"loc":{"start":{"line":17,"column":48},"end":{"line":17,"column":240}},"line":17},"6":{"name":"_inherits","decl":{"start":{"line":19,"column":9},"end":{"line":19,"column":18}},"loc":{"start":{"line":19,"column":41},"end":{"line":19,"column":494}},"line":19},"7":{"name":"(anonymous_7)","decl":{"start":{"line":21,"column":12},"end":{"line":21,"column":13}},"loc":{"start":{"line":21,"column":40},"end":{"line":156,"column":1}},"line":21},"8":{"name":"About","decl":{"start":{"line":24,"column":11},"end":{"line":24,"column":16}},"loc":{"start":{"line":24,"column":19},"end":{"line":28,"column":3}},"line":24},"9":{"name":"render","decl":{"start":{"line":36,"column":20},"end":{"line":36,"column":26}},"loc":{"start":{"line":36,"column":29},"end":{"line":152,"column":5}},"line":36}},"branchMap":{"0":{"loc":{"start":{"line":7,"column":168},"end":{"line":7,"column":198}},"type":"binary-expr","locations":[{"start":{"line":7,"column":168},"end":{"line":7,"column":189}},{"start":{"line":7,"column":193},"end":{"line":7,"column":198}}],"line":7},"1":{"loc":{"start":{"line":7,"column":232},"end":{"line":7,"column":286}},"type":"if","locations":[{"start":{"line":7,"column":232},"end":{"line":7,"column":286}},{"start":{"line":7,"column":232},"end":{"line":7,"column":286}}],"line":7},"2":{"loc":{"start":{"line":7,"column":407},"end":{"line":7,"column":475}},"type":"if","locations":[{"start":{"line":7,"column":407},"end":{"line":7,"column":475}},{"start":{"line":7,"column":407},"end":{"line":7,"column":475}}],"line":7},"3":{"loc":{"start":{"line":7,"column":476},"end":{"line":7,"column":536}},"type":"if","locations":[{"start":{"line":7,"column":476},"end":{"line":7,"column":536}},{"start":{"line":7,"column":476},"end":{"line":7,"column":536}}],"line":7},"4":{"loc":{"start":{"line":13,"column":46},"end":{"line":13,"column":92}},"type":"cond-expr","locations":[{"start":{"line":13,"column":70},"end":{"line":13,"column":73}},{"start":{"line":13,"column":76},"end":{"line":13,"column":92}}],"line":13},"5":{"loc":{"start":{"line":13,"column":46},"end":{"line":13,"column":67}},"type":"binary-expr","locations":[{"start":{"line":13,"column":46},"end":{"line":13,"column":49}},{"start":{"line":13,"column":53},"end":{"line":13,"column":67}}],"line":13},"6":{"loc":{"start":{"line":15,"column":50},"end":{"line":15,"column":151}},"type":"if","locations":[{"start":{"line":15,"column":50},"end":{"line":15,"column":151}},{"start":{"line":15,"column":50},"end":{"line":15,"column":151}}],"line":15},"7":{"loc":{"start":{"line":17,"column":50},"end":{"line":17,"column":151}},"type":"if","locations":[{"start":{"line":17,"column":50},"end":{"line":17,"column":151}},{"start":{"line":17,"column":50},"end":{"line":17,"column":151}}],"line":17},"8":{"loc":{"start":{"line":17,"column":159},"end":{"line":17,"column":237}},"type":"cond-expr","locations":[{"start":{"line":17,"column":226},"end":{"line":17,"column":230}},{"start":{"line":17,"column":233},"end":{"line":17,"column":237}}],"line":17},"9":{"loc":{"start":{"line":17,"column":159},"end":{"line":17,"column":223}},"type":"binary-expr","locations":[{"start":{"line":17,"column":159},"end":{"line":17,"column":163}},{"start":{"line":17,"column":168},"end":{"line":17,"column":192}},{"start":{"line":17,"column":196},"end":{"line":17,"column":222}}],"line":17},"10":{"loc":{"start":{"line":19,"column":43},"end":{"line":19,"column":208}},"type":"if","locations":[{"start":{"line":19,"column":43},"end":{"line":19,"column":208}},{"start":{"line":19,"column":43},"end":{"line":19,"column":208}}],"line":19},"11":{"loc":{"start":{"line":19,"column":47},"end":{"line":19,"column":102}},"type":"binary-expr","locations":[{"start":{"line":19,"column":47},"end":{"line":19,"column":79}},{"start":{"line":19,"column":83},"end":{"line":19,"column":102}}],"line":19},"12":{"loc":{"start":{"line":19,"column":244},"end":{"line":19,"column":278}},"type":"binary-expr","locations":[{"start":{"line":19,"column":244},"end":{"line":19,"column":254}},{"start":{"line":19,"column":258},"end":{"line":19,"column":278}}],"line":19},"13":{"loc":{"start":{"line":19,"column":374},"end":{"line":19,"column":492}},"type":"if","locations":[{"start":{"line":19,"column":374},"end":{"line":19,"column":492}},{"start":{"line":19,"column":374},"end":{"line":19,"column":492}}],"line":19},"14":{"loc":{"start":{"line":19,"column":390},"end":{"line":19,"column":491}},"type":"cond-expr","locations":[{"start":{"line":19,"column":414},"end":{"line":19,"column":457}},{"start":{"line":19,"column":460},"end":{"line":19,"column":491}}],"line":19},"15":{"loc":{"start":{"line":27,"column":45},"end":{"line":27,"column":92}},"type":"binary-expr","locations":[{"start":{"line":27,"column":45},"end":{"line":27,"column":60}},{"start":{"line":27,"column":64},"end":{"line":27,"column":92}}],"line":27}},"s":{"0":0,"1":0,"2":0,"3":0,"4":0,"5":0,"6":0,"7":0,"8":0,"9":0,"10":0,"11":0,"12":0,"13":0,"14":0,"15":0,"16":0,"17":0,"18":0,"19":0,"20":0,"21":0,"22":0,"23":0,"24":0,"25":0,"26":0,"27":0,"28":0,"29":0,"30":0,"31":0,"32":0,"33":0,"34":0,"35":0},"f":{"0":0,"1":0,"2":0,"3":0,"4":0,"5":0,"6":0,"7":0,"8":0,"9":0},"b":{"0":[0,0],"1":[0,0],"2":[0,0],"3":[0,0],"4":[0,0],"5":[0,0],"6":[0,0],"7":[0,0],"8":[0,0],"9":[0,0,0],"10":[0,0],"11":[0,0],"12":[0,0],"13":[0,0],"14":[0,0],"15":[0,0]}}
,"/home/wadah/Desktop/BrandonLondonTV/frontend/components/blog.jsx": {"path":"/home/wadah/Desktop/BrandonLondonTV/frontend/components/blog.jsx","statementMap":{"0":{"start":{"line":3,"column":0},"end":{"line":5,"column":3}},"1":{"start":{"line":7,"column":19},"end":{"line":7,"column":563}},"2":{"start":{"line":7,"column":76},"end":{"line":7,"column":347}},"3":{"start":{"line":7,"column":134},"end":{"line":7,"column":142}},"4":{"start":{"line":7,"column":144},"end":{"line":7,"column":199}},"5":{"start":{"line":7,"column":200},"end":{"line":7,"column":231}},"6":{"start":{"line":7,"column":232},"end":{"line":7,"column":286}},"7":{"start":{"line":7,"column":259},"end":{"line":7,"column":286}},"8":{"start":{"line":7,"column":287},"end":{"line":7,"column":345}},"9":{"start":{"line":7,"column":350},"end":{"line":7,"column":559}},"10":{"start":{"line":7,"column":407},"end":{"line":7,"column":475}},"11":{"start":{"line":7,"column":423},"end":{"line":7,"column":475}},"12":{"start":{"line":7,"column":476},"end":{"line":7,"column":536}},"13":{"start":{"line":7,"column":493},"end":{"line":7,"column":536}},"14":{"start":{"line":7,"column":537},"end":{"line":7,"column":556}},"15":{"start":{"line":9,"column":13},"end":{"line":9,"column":29}},"16":{"start":{"line":11,"column":14},"end":{"line":11,"column":44}},"17":{"start":{"line":13,"column":26},"end":{"line":13,"column":57}},"18":{"start":{"line":15,"column":27},"end":{"line":15,"column":70}},"19":{"start":{"line":17,"column":39},"end":{"line":17,"column":93}},"20":{"start":{"line":19,"column":50},"end":{"line":19,"column":151}},"21":{"start":{"line":19,"column":92},"end":{"line":19,"column":149}},"22":{"start":{"line":21,"column":50},"end":{"line":21,"column":151}},"23":{"start":{"line":21,"column":63},"end":{"line":21,"column":149}},"24":{"start":{"line":21,"column":152},"end":{"line":21,"column":238}},"25":{"start":{"line":23,"column":43},"end":{"line":23,"column":208}},"26":{"start":{"line":23,"column":106},"end":{"line":23,"column":206}},"27":{"start":{"line":23,"column":209},"end":{"line":23,"column":373}},"28":{"start":{"line":23,"column":374},"end":{"line":23,"column":492}},"29":{"start":{"line":23,"column":390},"end":{"line":23,"column":492}},"30":{"start":{"line":25,"column":11},"end":{"line":67,"column":28}},"31":{"start":{"line":26,"column":2},"end":{"line":26,"column":36}},"32":{"start":{"line":29,"column":4},"end":{"line":29,"column":32}},"33":{"start":{"line":31,"column":16},"end":{"line":31,"column":108}},"34":{"start":{"line":33,"column":4},"end":{"line":33,"column":21}},"35":{"start":{"line":34,"column":4},"end":{"line":34,"column":17}},"36":{"start":{"line":37,"column":2},"end":{"line":64,"column":6}},"37":{"start":{"line":40,"column":19},"end":{"line":40,"column":23}},"38":{"start":{"line":42,"column":6},"end":{"line":42,"column":44}},"39":{"start":{"line":43,"column":6},"end":{"line":47,"column":9}},"40":{"start":{"line":44,"column":8},"end":{"line":44,"column":26}},"41":{"start":{"line":46,"column":8},"end":{"line":46,"column":42}},"42":{"start":{"line":52,"column":18},"end":{"line":52,"column":34}},"43":{"start":{"line":54,"column":6},"end":{"line":54,"column":30}},"44":{"start":{"line":54,"column":18},"end":{"line":54,"column":30}},"45":{"start":{"line":55,"column":18},"end":{"line":57,"column":8}},"46":{"start":{"line":56,"column":8},"end":{"line":56,"column":73}},"47":{"start":{"line":58,"column":6},"end":{"line":62,"column":8}},"48":{"start":{"line":66,"column":2},"end":{"line":66,"column":14}},"49":{"start":{"line":69,"column":0},"end":{"line":69,"column":23}},"50":{"start":{"line":72,"column":15},"end":{"line":74,"column":1}},"51":{"start":{"line":73,"column":2},"end":{"line":73,"column":57}},"52":{"start":{"line":76,"column":18},"end":{"line":125,"column":1}},"53":{"start":{"line":77,"column":13},"end":{"line":77,"column":22}},"54":{"start":{"line":78,"column":2},"end":{"line":124,"column":4}}},"fnMap":{"0":{"name":"(anonymous_0)","decl":{"start":{"line":7,"column":19},"end":{"line":7,"column":20}},"loc":{"start":{"line":7,"column":31},"end":{"line":7,"column":561}},"line":7},"1":{"name":"defineProperties","decl":{"start":{"line":7,"column":42},"end":{"line":7,"column":58}},"loc":{"start":{"line":7,"column":74},"end":{"line":7,"column":349}},"line":7},"2":{"name":"(anonymous_2)","decl":{"start":{"line":7,"column":357},"end":{"line":7,"column":358}},"loc":{"start":{"line":7,"column":405},"end":{"line":7,"column":558}},"line":7},"3":{"name":"_interopRequireDefault","decl":{"start":{"line":17,"column":9},"end":{"line":17,"column":31}},"loc":{"start":{"line":17,"column":37},"end":{"line":17,"column":95}},"line":17},"4":{"name":"_classCallCheck","decl":{"start":{"line":19,"column":9},"end":{"line":19,"column":24}},"loc":{"start":{"line":19,"column":48},"end":{"line":19,"column":153}},"line":19},"5":{"name":"_possibleConstructorReturn","decl":{"start":{"line":21,"column":9},"end":{"line":21,"column":35}},"loc":{"start":{"line":21,"column":48},"end":{"line":21,"column":240}},"line":21},"6":{"name":"_inherits","decl":{"start":{"line":23,"column":9},"end":{"line":23,"column":18}},"loc":{"start":{"line":23,"column":41},"end":{"line":23,"column":494}},"line":23},"7":{"name":"(anonymous_7)","decl":{"start":{"line":25,"column":11},"end":{"line":25,"column":12}},"loc":{"start":{"line":25,"column":39},"end":{"line":67,"column":1}},"line":25},"8":{"name":"Blog","decl":{"start":{"line":28,"column":11},"end":{"line":28,"column":15}},"loc":{"start":{"line":28,"column":18},"end":{"line":35,"column":3}},"line":28},"9":{"name":"componentDidMount","decl":{"start":{"line":39,"column":20},"end":{"line":39,"column":37}},"loc":{"start":{"line":39,"column":40},"end":{"line":48,"column":5}},"line":39},"10":{"name":"(anonymous_10)","decl":{"start":{"line":43,"column":27},"end":{"line":43,"column":28}},"loc":{"start":{"line":43,"column":42},"end":{"line":45,"column":7}},"line":43},"11":{"name":"(anonymous_11)","decl":{"start":{"line":45,"column":14},"end":{"line":45,"column":15}},"loc":{"start":{"line":45,"column":31},"end":{"line":47,"column":7}},"line":45},"12":{"name":"render","decl":{"start":{"line":51,"column":20},"end":{"line":51,"column":26}},"loc":{"start":{"line":51,"column":29},"end":{"line":63,"column":5}},"line":51},"13":{"name":"(anonymous_13)","decl":{"start":{"line":55,"column":28},"end":{"line":55,"column":29}},"loc":{"start":{"line":55,"column":43},"end":{"line":57,"column":7}},"line":55},"14":{"name":"makeDate","decl":{"start":{"line":72,"column":24},"end":{"line":72,"column":32}},"loc":{"start":{"line":72,"column":39},"end":{"line":74,"column":1}},"line":72},"15":{"name":"BlogSnippet","decl":{"start":{"line":76,"column":27},"end":{"line":76,"column":38}},"loc":{"start":{"line":76,"column":45},"end":{"line":125,"column":1}},"line":76}},"branchMap":{"0":{"loc":{"start":{"line":7,"column":168},"end":{"line":7,"column":198}},"type":"binary-expr","locations":[{"start":{"line":7,"column":168},"end":{"line":7,"column":189}},{"start":{"line":7,"column":193},"end":{"line":7,"column":198}}],"line":7},"1":{"loc":{"start":{"line":7,"column":232},"end":{"line":7,"column":286}},"type":"if","locations":[{"start":{"line":7,"column":232},"end":{"line":7,"column":286}},{"start":{"line":7,"column":232},"end":{"line":7,"column":286}}],"line":7},"2":{"loc":{"start":{"line":7,"column":407},"end":{"line":7,"column":475}},"type":"if","locations":[{"start":{"line":7,"column":407},"end":{"line":7,"column":475}},{"start":{"line":7,"column":407},"end":{"line":7,"column":475}}],"line":7},"3":{"loc":{"start":{"line":7,"column":476},"end":{"line":7,"column":536}},"type":"if","locations":[{"start":{"line":7,"column":476},"end":{"line":7,"column":536}},{"start":{"line":7,"column":476},"end":{"line":7,"column":536}}],"line":7},"4":{"loc":{"start":{"line":17,"column":46},"end":{"line":17,"column":92}},"type":"cond-expr","locations":[{"start":{"line":17,"column":70},"end":{"line":17,"column":73}},{"start":{"line":17,"column":76},"end":{"line":17,"column":92}}],"line":17},"5":{"loc":{"start":{"line":17,"column":46},"end":{"line":17,"column":67}},"type":"binary-expr","locations":[{"start":{"line":17,"column":46},"end":{"line":17,"column":49}},{"start":{"line":17,"column":53},"end":{"line":17,"column":67}}],"line":17},"6":{"loc":{"start":{"line":19,"column":50},"end":{"line":19,"column":151}},"type":"if","locations":[{"start":{"line":19,"column":50},"end":{"line":19,"column":151}},{"start":{"line":19,"column":50},"end":{"line":19,"column":151}}],"line":19},"7":{"loc":{"start":{"line":21,"column":50},"end":{"line":21,"column":151}},"type":"if","locations":[{"start":{"line":21,"column":50},"end":{"line":21,"column":151}},{"start":{"line":21,"column":50},"end":{"line":21,"column":151}}],"line":21},"8":{"loc":{"start":{"line":21,"column":159},"end":{"line":21,"column":237}},"type":"cond-expr","locations":[{"start":{"line":21,"column":226},"end":{"line":21,"column":230}},{"start":{"line":21,"column":233},"end":{"line":21,"column":237}}],"line":21},"9":{"loc":{"start":{"line":21,"column":159},"end":{"line":21,"column":223}},"type":"binary-expr","locations":[{"start":{"line":21,"column":159},"end":{"line":21,"column":163}},{"start":{"line":21,"column":168},"end":{"line":21,"column":192}},{"start":{"line":21,"column":196},"end":{"line":21,"column":222}}],"line":21},"10":{"loc":{"start":{"line":23,"column":43},"end":{"line":23,"column":208}},"type":"if","locations":[{"start":{"line":23,"column":43},"end":{"line":23,"column":208}},{"start":{"line":23,"column":43},"end":{"line":23,"column":208}}],"line":23},"11":{"loc":{"start":{"line":23,"column":47},"end":{"line":23,"column":102}},"type":"binary-expr","locations":[{"start":{"line":23,"column":47},"end":{"line":23,"column":79}},{"start":{"line":23,"column":83},"end":{"line":23,"column":102}}],"line":23},"12":{"loc":{"start":{"line":23,"column":244},"end":{"line":23,"column":278}},"type":"binary-expr","locations":[{"start":{"line":23,"column":244},"end":{"line":23,"column":254}},{"start":{"line":23,"column":258},"end":{"line":23,"column":278}}],"line":23},"13":{"loc":{"start":{"line":23,"column":374},"end":{"line":23,"column":492}},"type":"if","locations":[{"start":{"line":23,"column":374},"end":{"line":23,"column":492}},{"start":{"line":23,"column":374},"end":{"line":23,"column":492}}],"line":23},"14":{"loc":{"start":{"line":23,"column":390},"end":{"line":23,"column":491}},"type":"cond-expr","locations":[{"start":{"line":23,"column":414},"end":{"line":23,"column":457}},{"start":{"line":23,"column":460},"end":{"line":23,"column":491}}],"line":23},"15":{"loc":{"start":{"line":31,"column":50},"end":{"line":31,"column":95}},"type":"binary-expr","locations":[{"start":{"line":31,"column":50},"end":{"line":31,"column":64}},{"start":{"line":31,"column":68},"end":{"line":31,"column":95}}],"line":31},"16":{"loc":{"start":{"line":54,"column":6},"end":{"line":54,"column":30}},"type":"if","locations":[{"start":{"line":54,"column":6},"end":{"line":54,"column":30}},{"start":{"line":54,"column":6},"end":{"line":54,"column":30}}],"line":54}},"s":{"0":0,"1":0,"2":0,"3":0,"4":0,"5":0,"6":0,"7":0,"8":0,"9":0,"10":0,"11":0,"12":0,"13":0,"14":0,"15":0,"16":0,"17":0,"18":0,"19":0,"20":0,"21":0,"22":0,"23":0,"24":0,"25":0,"26":0,"27":0,"28":0,"29":0,"30":0,"31":0,"32":0,"33":0,"34":0,"35":0,"36":0,"37":0,"38":0,"39":0,"40":0,"41":0,"42":0,"43":0,"44":0,"45":0,"46":0,"47":0,"48":0,"49":0,"50":0,"51":0,"52":0,"53":0,"54":0},"f":{"0":0,"1":0,"2":0,"3":0,"4":0,"5":0,"6":0,"7":0,"8":0,"9":0,"10":0,"11":0,"12":0,"13":0,"14":0,"15":0},"b":{"0":[0,0],"1":[0,0],"2":[0,0],"3":[0,0],"4":[0,0],"5":[0,0],"6":[0,0],"7":[0,0],"8":[0,0],"9":[0,0,0],"10":[0,0],"11":[0,0],"12":[0,0],"13":[0,0],"14":[0,0],"15":[0,0],"16":[0,0]}}
,"/home/wadah/Desktop/BrandonLondonTV/frontend/components/blog_show.jsx": {"path":"/home/wadah/Desktop/BrandonLondonTV/frontend/components/blog_show.jsx","statementMap":{"0":{"start":{"line":3,"column":0},"end":{"line":5,"column":3}},"1":{"start":{"line":7,"column":19},"end":{"line":7,"column":563}},"2":{"start":{"line":7,"column":76},"end":{"line":7,"column":347}},"3":{"start":{"line":7,"column":134},"end":{"line":7,"column":142}},"4":{"start":{"line":7,"column":144},"end":{"line":7,"column":199}},"5":{"start":{"line":7,"column":200},"end":{"line":7,"column":231}},"6":{"start":{"line":7,"column":232},"end":{"line":7,"column":286}},"7":{"start":{"line":7,"column":259},"end":{"line":7,"column":286}},"8":{"start":{"line":7,"column":287},"end":{"line":7,"column":345}},"9":{"start":{"line":7,"column":350},"end":{"line":7,"column":559}},"10":{"start":{"line":7,"column":407},"end":{"line":7,"column":475}},"11":{"start":{"line":7,"column":423},"end":{"line":7,"column":475}},"12":{"start":{"line":7,"column":476},"end":{"line":7,"column":536}},"13":{"start":{"line":7,"column":493},"end":{"line":7,"column":536}},"14":{"start":{"line":7,"column":537},"end":{"line":7,"column":556}},"15":{"start":{"line":9,"column":13},"end":{"line":9,"column":29}},"16":{"start":{"line":11,"column":14},"end":{"line":11,"column":44}},"17":{"start":{"line":13,"column":39},"end":{"line":13,"column":93}},"18":{"start":{"line":15,"column":50},"end":{"line":15,"column":151}},"19":{"start":{"line":15,"column":92},"end":{"line":15,"column":149}},"20":{"start":{"line":17,"column":50},"end":{"line":17,"column":151}},"21":{"start":{"line":17,"column":63},"end":{"line":17,"column":149}},"22":{"start":{"line":17,"column":152},"end":{"line":17,"column":238}},"23":{"start":{"line":19,"column":43},"end":{"line":19,"column":208}},"24":{"start":{"line":19,"column":106},"end":{"line":19,"column":206}},"25":{"start":{"line":19,"column":209},"end":{"line":19,"column":373}},"26":{"start":{"line":19,"column":374},"end":{"line":19,"column":492}},"27":{"start":{"line":19,"column":390},"end":{"line":19,"column":492}},"28":{"start":{"line":21,"column":15},"end":{"line":97,"column":28}},"29":{"start":{"line":22,"column":2},"end":{"line":22,"column":40}},"30":{"start":{"line":25,"column":4},"end":{"line":25,"column":36}},"31":{"start":{"line":27,"column":16},"end":{"line":27,"column":116}},"32":{"start":{"line":29,"column":4},"end":{"line":29,"column":21}},"33":{"start":{"line":30,"column":4},"end":{"line":30,"column":17}},"34":{"start":{"line":33,"column":2},"end":{"line":94,"column":6}},"35":{"start":{"line":36,"column":19},"end":{"line":36,"column":23}},"36":{"start":{"line":38,"column":6},"end":{"line":38,"column":38}},"37":{"start":{"line":39,"column":6},"end":{"line":43,"column":9}},"38":{"start":{"line":40,"column":8},"end":{"line":40,"column":26}},"39":{"start":{"line":42,"column":8},"end":{"line":42,"column":40}},"40":{"start":{"line":48,"column":20},"end":{"line":79,"column":8}},"41":{"start":{"line":49,"column":8},"end":{"line":78,"column":9}},"42":{"start":{"line":51,"column":12},"end":{"line":51,"column":105}},"43":{"start":{"line":53,"column":12},"end":{"line":60,"column":14}},"44":{"start":{"line":62,"column":12},"end":{"line":69,"column":14}},"45":{"start":{"line":71,"column":12},"end":{"line":75,"column":14}},"46":{"start":{"line":77,"column":12},"end":{"line":77,"column":24}},"47":{"start":{"line":80,"column":6},"end":{"line":80,"column":21}},"48":{"start":{"line":85,"column":17},"end":{"line":85,"column":32}},"49":{"start":{"line":87,"column":6},"end":{"line":87,"column":29}},"50":{"start":{"line":87,"column":17},"end":{"line":87,"column":29}},"51":{"start":{"line":88,"column":6},"end":{"line":92,"column":8}},"52":{"start":{"line":96,"column":2},"end":{"line":96,"column":18}},"53":{"start":{"line":99,"column":0},"end":{"line":99,"column":27}}},"fnMap":{"0":{"name":"(anonymous_0)","decl":{"start":{"line":7,"column":19},"end":{"line":7,"column":20}},"loc":{"start":{"line":7,"column":31},"end":{"line":7,"column":561}},"line":7},"1":{"name":"defineProperties","decl":{"start":{"line":7,"column":42},"end":{"line":7,"column":58}},"loc":{"start":{"line":7,"column":74},"end":{"line":7,"column":349}},"line":7},"2":{"name":"(anonymous_2)","decl":{"start":{"line":7,"column":357},"end":{"line":7,"column":358}},"loc":{"start":{"line":7,"column":405},"end":{"line":7,"column":558}},"line":7},"3":{"name":"_interopRequireDefault","decl":{"start":{"line":13,"column":9},"end":{"line":13,"column":31}},"loc":{"start":{"line":13,"column":37},"end":{"line":13,"column":95}},"line":13},"4":{"name":"_classCallCheck","decl":{"start":{"line":15,"column":9},"end":{"line":15,"column":24}},"loc":{"start":{"line":15,"column":48},"end":{"line":15,"column":153}},"line":15},"5":{"name":"_possibleConstructorReturn","decl":{"start":{"line":17,"column":9},"end":{"line":17,"column":35}},"loc":{"start":{"line":17,"column":48},"end":{"line":17,"column":240}},"line":17},"6":{"name":"_inherits","decl":{"start":{"line":19,"column":9},"end":{"line":19,"column":18}},"loc":{"start":{"line":19,"column":41},"end":{"line":19,"column":494}},"line":19},"7":{"name":"(anonymous_7)","decl":{"start":{"line":21,"column":15},"end":{"line":21,"column":16}},"loc":{"start":{"line":21,"column":43},"end":{"line":97,"column":1}},"line":21},"8":{"name":"BlogShow","decl":{"start":{"line":24,"column":11},"end":{"line":24,"column":19}},"loc":{"start":{"line":24,"column":22},"end":{"line":31,"column":3}},"line":24},"9":{"name":"componentDidMount","decl":{"start":{"line":35,"column":20},"end":{"line":35,"column":37}},"loc":{"start":{"line":35,"column":40},"end":{"line":44,"column":5}},"line":35},"10":{"name":"(anonymous_10)","decl":{"start":{"line":39,"column":57},"end":{"line":39,"column":58}},"loc":{"start":{"line":39,"column":72},"end":{"line":41,"column":7}},"line":39},"11":{"name":"(anonymous_11)","decl":{"start":{"line":41,"column":14},"end":{"line":41,"column":15}},"loc":{"start":{"line":41,"column":30},"end":{"line":43,"column":7}},"line":41},"12":{"name":"parsePost","decl":{"start":{"line":47,"column":20},"end":{"line":47,"column":29}},"loc":{"start":{"line":47,"column":39},"end":{"line":81,"column":5}},"line":47},"13":{"name":"(anonymous_13)","decl":{"start":{"line":48,"column":40},"end":{"line":48,"column":41}},"loc":{"start":{"line":48,"column":54},"end":{"line":79,"column":7}},"line":48},"14":{"name":"render","decl":{"start":{"line":84,"column":20},"end":{"line":84,"column":26}},"loc":{"start":{"line":84,"column":29},"end":{"line":93,"column":5}},"line":84}},"branchMap":{"0":{"loc":{"start":{"line":7,"column":168},"end":{"line":7,"column":198}},"type":"binary-expr","locations":[{"start":{"line":7,"column":168},"end":{"line":7,"column":189}},{"start":{"line":7,"column":193},"end":{"line":7,"column":198}}],"line":7},"1":{"loc":{"start":{"line":7,"column":232},"end":{"line":7,"column":286}},"type":"if","locations":[{"start":{"line":7,"column":232},"end":{"line":7,"column":286}},{"start":{"line":7,"column":232},"end":{"line":7,"column":286}}],"line":7},"2":{"loc":{"start":{"line":7,"column":407},"end":{"line":7,"column":475}},"type":"if","locations":[{"start":{"line":7,"column":407},"end":{"line":7,"column":475}},{"start":{"line":7,"column":407},"end":{"line":7,"column":475}}],"line":7},"3":{"loc":{"start":{"line":7,"column":476},"end":{"line":7,"column":536}},"type":"if","locations":[{"start":{"line":7,"column":476},"end":{"line":7,"column":536}},{"start":{"line":7,"column":476},"end":{"line":7,"column":536}}],"line":7},"4":{"loc":{"start":{"line":13,"column":46},"end":{"line":13,"column":92}},"type":"cond-expr","locations":[{"start":{"line":13,"column":70},"end":{"line":13,"column":73}},{"start":{"line":13,"column":76},"end":{"line":13,"column":92}}],"line":13},"5":{"loc":{"start":{"line":13,"column":46},"end":{"line":13,"column":67}},"type":"binary-expr","locations":[{"start":{"line":13,"column":46},"end":{"line":13,"column":49}},{"start":{"line":13,"column":53},"end":{"line":13,"column":67}}],"line":13},"6":{"loc":{"start":{"line":15,"column":50},"end":{"line":15,"column":151}},"type":"if","locations":[{"start":{"line":15,"column":50},"end":{"line":15,"column":151}},{"start":{"line":15,"column":50},"end":{"line":15,"column":151}}],"line":15},"7":{"loc":{"start":{"line":17,"column":50},"end":{"line":17,"column":151}},"type":"if","locations":[{"start":{"line":17,"column":50},"end":{"line":17,"column":151}},{"start":{"line":17,"column":50},"end":{"line":17,"column":151}}],"line":17},"8":{"loc":{"start":{"line":17,"column":159},"end":{"line":17,"column":237}},"type":"cond-expr","locations":[{"start":{"line":17,"column":226},"end":{"line":17,"column":230}},{"start":{"line":17,"column":233},"end":{"line":17,"column":237}}],"line":17},"9":{"loc":{"start":{"line":17,"column":159},"end":{"line":17,"column":223}},"type":"binary-expr","locations":[{"start":{"line":17,"column":159},"end":{"line":17,"column":163}},{"start":{"line":17,"column":168},"end":{"line":17,"column":192}},{"start":{"line":17,"column":196},"end":{"line":17,"column":222}}],"line":17},"10":{"loc":{"start":{"line":19,"column":43},"end":{"line":19,"column":208}},"type":"if","locations":[{"start":{"line":19,"column":43},"end":{"line":19,"column":208}},{"start":{"line":19,"column":43},"end":{"line":19,"column":208}}],"line":19},"11":{"loc":{"start":{"line":19,"column":47},"end":{"line":19,"column":102}},"type":"binary-expr","locations":[{"start":{"line":19,"column":47},"end":{"line":19,"column":79}},{"start":{"line":19,"column":83},"end":{"line":19,"column":102}}],"line":19},"12":{"loc":{"start":{"line":19,"column":244},"end":{"line":19,"column":278}},"type":"binary-expr","locations":[{"start":{"line":19,"column":244},"end":{"line":19,"column":254}},{"start":{"line":19,"column":258},"end":{"line":19,"column":278}}],"line":19},"13":{"loc":{"start":{"line":19,"column":374},"end":{"line":19,"column":492}},"type":"if","locations":[{"start":{"line":19,"column":374},"end":{"line":19,"column":492}},{"start":{"line":19,"column":374},"end":{"line":19,"column":492}}],"line":19},"14":{"loc":{"start":{"line":19,"column":390},"end":{"line":19,"column":491}},"type":"cond-expr","locations":[{"start":{"line":19,"column":414},"end":{"line":19,"column":457}},{"start":{"line":19,"column":460},"end":{"line":19,"column":491}}],"line":19},"15":{"loc":{"start":{"line":27,"column":50},"end":{"line":27,"column":103}},"type":"binary-expr","locations":[{"start":{"line":27,"column":50},"end":{"line":27,"column":68}},{"start":{"line":27,"column":72},"end":{"line":27,"column":103}}],"line":27},"16":{"loc":{"start":{"line":49,"column":8},"end":{"line":78,"column":9}},"type":"switch","locations":[{"start":{"line":50,"column":10},"end":{"line":51,"column":105}},{"start":{"line":52,"column":10},"end":{"line":60,"column":14}},{"start":{"line":61,"column":10},"end":{"line":69,"column":14}},{"start":{"line":70,"column":10},"end":{"line":75,"column":14}},{"start":{"line":76,"column":10},"end":{"line":77,"column":24}}],"line":49},"17":{"loc":{"start":{"line":87,"column":6},"end":{"line":87,"column":29}},"type":"if","locations":[{"start":{"line":87,"column":6},"end":{"line":87,"column":29}},{"start":{"line":87,"column":6},"end":{"line":87,"column":29}}],"line":87}},"s":{"0":0,"1":0,"2":0,"3":0,"4":0,"5":0,"6":0,"7":0,"8":0,"9":0,"10":0,"11":0,"12":0,"13":0,"14":0,"15":0,"16":0,"17":0,"18":0,"19":0,"20":0,"21":0,"22":0,"23":0,"24":0,"25":0,"26":0,"27":0,"28":0,"29":0,"30":0,"31":0,"32":0,"33":0,"34":0,"35":0,"36":0,"37":0,"38":0,"39":0,"40":0,"41":0,"42":0,"43":0,"44":0,"45":0,"46":0,"47":0,"48":0,"49":0,"50":0,"51":0,"52":0,"53":0},"f":{"0":0,"1":0,"2":0,"3":0,"4":0,"5":0,"6":0,"7":0,"8":0,"9":0,"10":0,"11":0,"12":0,"13":0,"14":0},"b":{"0":[0,0],"1":[0,0],"2":[0,0],"3":[0,0],"4":[0,0],"5":[0,0],"6":[0,0],"7":[0,0],"8":[0,0],"9":[0,0,0],"10":[0,0],"11":[0,0],"12":[0,0],"13":[0,0],"14":[0,0],"15":[0,0],"16":[0,0,0,0,0],"17":[0,0]}}
,"/home/wadah/Desktop/BrandonLondonTV/frontend/components/contact.jsx": {"path":"/home/wadah/Desktop/BrandonLondonTV/frontend/components/contact.jsx","statementMap":{"0":{"start":{"line":3,"column":0},"end":{"line":5,"column":3}},"1":{"start":{"line":7,"column":19},"end":{"line":7,"column":563}},"2":{"start":{"line":7,"column":76},"end":{"line":7,"column":347}},"3":{"start":{"line":7,"column":134},"end":{"line":7,"column":142}},"4":{"start":{"line":7,"column":144},"end":{"line":7,"column":199}},"5":{"start":{"line":7,"column":200},"end":{"line":7,"column":231}},"6":{"start":{"line":7,"column":232},"end":{"line":7,"column":286}},"7":{"start":{"line":7,"column":259},"end":{"line":7,"column":286}},"8":{"start":{"line":7,"column":287},"end":{"line":7,"column":345}},"9":{"start":{"line":7,"column":350},"end":{"line":7,"column":559}},"10":{"start":{"line":7,"column":407},"end":{"line":7,"column":475}},"11":{"start":{"line":7,"column":423},"end":{"line":7,"column":475}},"12":{"start":{"line":7,"column":476},"end":{"line":7,"column":536}},"13":{"start":{"line":7,"column":493},"end":{"line":7,"column":536}},"14":{"start":{"line":7,"column":537},"end":{"line":7,"column":556}},"15":{"start":{"line":9,"column":13},"end":{"line":9,"column":29}},"16":{"start":{"line":11,"column":14},"end":{"line":11,"column":44}},"17":{"start":{"line":13,"column":39},"end":{"line":13,"column":93}},"18":{"start":{"line":15,"column":50},"end":{"line":15,"column":151}},"19":{"start":{"line":15,"column":92},"end":{"line":15,"column":149}},"20":{"start":{"line":17,"column":50},"end":{"line":17,"column":151}},"21":{"start":{"line":17,"column":63},"end":{"line":17,"column":149}},"22":{"start":{"line":17,"column":152},"end":{"line":17,"column":238}},"23":{"start":{"line":19,"column":43},"end":{"line":19,"column":208}},"24":{"start":{"line":19,"column":106},"end":{"line":19,"column":206}},"25":{"start":{"line":19,"column":209},"end":{"line":19,"column":373}},"26":{"start":{"line":19,"column":374},"end":{"line":19,"column":492}},"27":{"start":{"line":19,"column":390},"end":{"line":19,"column":492}},"28":{"start":{"line":21,"column":14},"end":{"line":159,"column":28}},"29":{"start":{"line":22,"column":2},"end":{"line":22,"column":39}},"30":{"start":{"line":25,"column":4},"end":{"line":25,"column":35}},"31":{"start":{"line":27,"column":4},"end":{"line":27,"column":122}},"32":{"start":{"line":30,"column":2},"end":{"line":156,"column":6}},"33":{"start":{"line":33,"column":6},"end":{"line":154,"column":8}},"34":{"start":{"line":158,"column":2},"end":{"line":158,"column":17}},"35":{"start":{"line":161,"column":0},"end":{"line":161,"column":26}}},"fnMap":{"0":{"name":"(anonymous_0)","decl":{"start":{"line":7,"column":19},"end":{"line":7,"column":20}},"loc":{"start":{"line":7,"column":31},"end":{"line":7,"column":561}},"line":7},"1":{"name":"defineProperties","decl":{"start":{"line":7,"column":42},"end":{"line":7,"column":58}},"loc":{"start":{"line":7,"column":74},"end":{"line":7,"column":349}},"line":7},"2":{"name":"(anonymous_2)","decl":{"start":{"line":7,"column":357},"end":{"line":7,"column":358}},"loc":{"start":{"line":7,"column":405},"end":{"line":7,"column":558}},"line":7},"3":{"name":"_interopRequireDefault","decl":{"start":{"line":13,"column":9},"end":{"line":13,"column":31}},"loc":{"start":{"line":13,"column":37},"end":{"line":13,"column":95}},"line":13},"4":{"name":"_classCallCheck","decl":{"start":{"line":15,"column":9},"end":{"line":15,"column":24}},"loc":{"start":{"line":15,"column":48},"end":{"line":15,"column":153}},"line":15},"5":{"name":"_possibleConstructorReturn","decl":{"start":{"line":17,"column":9},"end":{"line":17,"column":35}},"loc":{"start":{"line":17,"column":48},"end":{"line":17,"column":240}},"line":17},"6":{"name":"_inherits","decl":{"start":{"line":19,"column":9},"end":{"line":19,"column":18}},"loc":{"start":{"line":19,"column":41},"end":{"line":19,"column":494}},"line":19},"7":{"name":"(anonymous_7)","decl":{"start":{"line":21,"column":14},"end":{"line":21,"column":15}},"loc":{"start":{"line":21,"column":42},"end":{"line":159,"column":1}},"line":21},"8":{"name":"Contact","decl":{"start":{"line":24,"column":11},"end":{"line":24,"column":18}},"loc":{"start":{"line":24,"column":21},"end":{"line":28,"column":3}},"line":24},"9":{"name":"render","decl":{"start":{"line":32,"column":20},"end":{"line":32,"column":26}},"loc":{"start":{"line":32,"column":29},"end":{"line":155,"column":5}},"line":32}},"branchMap":{"0":{"loc":{"start":{"line":7,"column":168},"end":{"line":7,"column":198}},"type":"binary-expr","locations":[{"start":{"line":7,"column":168},"end":{"line":7,"column":189}},{"start":{"line":7,"column":193},"end":{"line":7,"column":198}}],"line":7},"1":{"loc":{"start":{"line":7,"column":232},"end":{"line":7,"column":286}},"type":"if","locations":[{"start":{"line":7,"column":232},"end":{"line":7,"column":286}},{"start":{"line":7,"column":232},"end":{"line":7,"column":286}}],"line":7},"2":{"loc":{"start":{"line":7,"column":407},"end":{"line":7,"column":475}},"type":"if","locations":[{"start":{"line":7,"column":407},"end":{"line":7,"column":475}},{"start":{"line":7,"column":407},"end":{"line":7,"column":475}}],"line":7},"3":{"loc":{"start":{"line":7,"column":476},"end":{"line":7,"column":536}},"type":"if","locations":[{"start":{"line":7,"column":476},"end":{"line":7,"column":536}},{"start":{"line":7,"column":476},"end":{"line":7,"column":536}}],"line":7},"4":{"loc":{"start":{"line":13,"column":46},"end":{"line":13,"column":92}},"type":"cond-expr","locations":[{"start":{"line":13,"column":70},"end":{"line":13,"column":73}},{"start":{"line":13,"column":76},"end":{"line":13,"column":92}}],"line":13},"5":{"loc":{"start":{"line":13,"column":46},"end":{"line":13,"column":67}},"type":"binary-expr","locations":[{"start":{"line":13,"column":46},"end":{"line":13,"column":49}},{"start":{"line":13,"column":53},"end":{"line":13,"column":67}}],"line":13},"6":{"loc":{"start":{"line":15,"column":50},"end":{"line":15,"column":151}},"type":"if","locations":[{"start":{"line":15,"column":50},"end":{"line":15,"column":151}},{"start":{"line":15,"column":50},"end":{"line":15,"column":151}}],"line":15},"7":{"loc":{"start":{"line":17,"column":50},"end":{"line":17,"column":151}},"type":"if","locations":[{"start":{"line":17,"column":50},"end":{"line":17,"column":151}},{"start":{"line":17,"column":50},"end":{"line":17,"column":151}}],"line":17},"8":{"loc":{"start":{"line":17,"column":159},"end":{"line":17,"column":237}},"type":"cond-expr","locations":[{"start":{"line":17,"column":226},"end":{"line":17,"column":230}},{"start":{"line":17,"column":233},"end":{"line":17,"column":237}}],"line":17},"9":{"loc":{"start":{"line":17,"column":159},"end":{"line":17,"column":223}},"type":"binary-expr","locations":[{"start":{"line":17,"column":159},"end":{"line":17,"column":163}},{"start":{"line":17,"column":168},"end":{"line":17,"column":192}},{"start":{"line":17,"column":196},"end":{"line":17,"column":222}}],"line":17},"10":{"loc":{"start":{"line":19,"column":43},"end":{"line":19,"column":208}},"type":"if","locations":[{"start":{"line":19,"column":43},"end":{"line":19,"column":208}},{"start":{"line":19,"column":43},"end":{"line":19,"column":208}}],"line":19},"11":{"loc":{"start":{"line":19,"column":47},"end":{"line":19,"column":102}},"type":"binary-expr","locations":[{"start":{"line":19,"column":47},"end":{"line":19,"column":79}},{"start":{"line":19,"column":83},"end":{"line":19,"column":102}}],"line":19},"12":{"loc":{"start":{"line":19,"column":244},"end":{"line":19,"column":278}},"type":"binary-expr","locations":[{"start":{"line":19,"column":244},"end":{"line":19,"column":254}},{"start":{"line":19,"column":258},"end":{"line":19,"column":278}}],"line":19},"13":{"loc":{"start":{"line":19,"column":374},"end":{"line":19,"column":492}},"type":"if","locations":[{"start":{"line":19,"column":374},"end":{"line":19,"column":492}},{"start":{"line":19,"column":374},"end":{"line":19,"column":492}}],"line":19},"14":{"loc":{"start":{"line":19,"column":390},"end":{"line":19,"column":491}},"type":"cond-expr","locations":[{"start":{"line":19,"column":414},"end":{"line":19,"column":457}},{"start":{"line":19,"column":460},"end":{"line":19,"column":491}}],"line":19},"15":{"loc":{"start":{"line":27,"column":45},"end":{"line":27,"column":96}},"type":"binary-expr","locations":[{"start":{"line":27,"column":45},"end":{"line":27,"column":62}},{"start":{"line":27,"column":66},"end":{"line":27,"column":96}}],"line":27}},"s":{"0":0,"1":0,"2":0,"3":0,"4":0,"5":0,"6":0,"7":0,"8":0,"9":0,"10":0,"11":0,"12":0,"13":0,"14":0,"15":0,"16":0,"17":0,"18":0,"19":0,"20":0,"21":0,"22":0,"23":0,"24":0,"25":0,"26":0,"27":0,"28":0,"29":0,"30":0,"31":0,"32":0,"33":0,"34":0,"35":0},"f":{"0":0,"1":0,"2":0,"3":0,"4":0,"5":0,"6":0,"7":0,"8":0,"9":0},"b":{"0":[0,0],"1":[0,0],"2":[0,0],"3":[0,0],"4":[0,0],"5":[0,0],"6":[0,0],"7":[0,0],"8":[0,0],"9":[0,0,0],"10":[0,0],"11":[0,0],"12":[0,0],"13":[0,0],"14":[0,0],"15":[0,0]}}
,"/home/wadah/Desktop/BrandonLondonTV/frontend/components/entertainment.jsx": {"path":"/home/wadah/Desktop/BrandonLondonTV/frontend/components/entertainment.jsx","statementMap":{"0":{"start":{"line":3,"column":0},"end":{"line":5,"column":3}},"1":{"start":{"line":7,"column":19},"end":{"line":7,"column":563}},"2":{"start":{"line":7,"column":76},"end":{"line":7,"column":347}},"3":{"start":{"line":7,"column":134},"end":{"line":7,"column":142}},"4":{"start":{"line":7,"column":144},"end":{"line":7,"column":199}},"5":{"start":{"line":7,"column":200},"end":{"line":7,"column":231}},"6":{"start":{"line":7,"column":232},"end":{"line":7,"column":286}},"7":{"start":{"line":7,"column":259},"end":{"line":7,"column":286}},"8":{"start":{"line":7,"column":287},"end":{"line":7,"column":345}},"9":{"start":{"line":7,"column":350},"end":{"line":7,"column":559}},"10":{"start":{"line":7,"column":407},"end":{"line":7,"column":475}},"11":{"start":{"line":7,"column":423},"end":{"line":7,"column":475}},"12":{"start":{"line":7,"column":476},"end":{"line":7,"column":536}},"13":{"start":{"line":7,"column":493},"end":{"line":7,"column":536}},"14":{"start":{"line":7,"column":537},"end":{"line":7,"column":556}},"15":{"start":{"line":9,"column":13},"end":{"line":9,"column":29}},"16":{"start":{"line":11,"column":14},"end":{"line":11,"column":44}},"17":{"start":{"line":13,"column":20},"end":{"line":13,"column":44}},"18":{"start":{"line":15,"column":21},"end":{"line":15,"column":58}},"19":{"start":{"line":17,"column":39},"end":{"line":17,"column":93}},"20":{"start":{"line":19,"column":50},"end":{"line":19,"column":151}},"21":{"start":{"line":19,"column":92},"end":{"line":19,"column":149}},"22":{"start":{"line":21,"column":50},"end":{"line":21,"column":151}},"23":{"start":{"line":21,"column":63},"end":{"line":21,"column":149}},"24":{"start":{"line":21,"column":152},"end":{"line":21,"column":238}},"25":{"start":{"line":23,"column":43},"end":{"line":23,"column":208}},"26":{"start":{"line":23,"column":106},"end":{"line":23,"column":206}},"27":{"start":{"line":23,"column":209},"end":{"line":23,"column":373}},"28":{"start":{"line":23,"column":374},"end":{"line":23,"column":492}},"29":{"start":{"line":23,"column":390},"end":{"line":23,"column":492}},"30":{"start":{"line":25,"column":17},"end":{"line":25,"column":67}},"31":{"start":{"line":27,"column":20},"end":{"line":252,"column":32}},"32":{"start":{"line":28,"column":2},"end":{"line":28,"column":49}},"33":{"start":{"line":31,"column":4},"end":{"line":31,"column":41}},"34":{"start":{"line":33,"column":16},"end":{"line":33,"column":133}},"35":{"start":{"line":35,"column":4},"end":{"line":52,"column":6}},"36":{"start":{"line":54,"column":4},"end":{"line":54,"column":140}},"37":{"start":{"line":55,"column":4},"end":{"line":55,"column":56}},"38":{"start":{"line":56,"column":4},"end":{"line":56,"column":50}},"39":{"start":{"line":57,"column":4},"end":{"line":57,"column":50}},"40":{"start":{"line":58,"column":4},"end":{"line":58,"column":52}},"41":{"start":{"line":59,"column":4},"end":{"line":59,"column":17}},"42":{"start":{"line":62,"column":2},"end":{"line":249,"column":6}},"43":{"start":{"line":65,"column":21},"end":{"line":65,"column":50}},"44":{"start":{"line":66,"column":6},"end":{"line":68,"column":7}},"45":{"start":{"line":67,"column":8},"end":{"line":67,"column":42}},"46":{"start":{"line":69,"column":6},"end":{"line":69,"column":28}},"47":{"start":{"line":70,"column":6},"end":{"line":70,"column":31}},"48":{"start":{"line":71,"column":6},"end":{"line":71,"column":31}},"49":{"start":{"line":72,"column":6},"end":{"line":72,"column":29}},"50":{"start":{"line":73,"column":6},"end":{"line":82,"column":8}},"51":{"start":{"line":83,"column":6},"end":{"line":83,"column":35}},"52":{"start":{"line":84,"column":6},"end":{"line":84,"column":36}},"53":{"start":{"line":85,"column":6},"end":{"line":85,"column":30}},"54":{"start":{"line":90,"column":19},"end":{"line":90,"column":23}},"55":{"start":{"line":92,"column":19},"end":{"line":92,"column":27}},"56":{"start":{"line":93,"column":21},"end":{"line":93,"column":44}},"57":{"start":{"line":94,"column":6},"end":{"line":96,"column":7}},"58":{"start":{"line":95,"column":8},"end":{"line":95,"column":44}},"59":{"start":{"line":97,"column":6},"end":{"line":110,"column":8}},"60":{"start":{"line":107,"column":12},"end":{"line":107,"column":58}},"61":{"start":{"line":115,"column":6},"end":{"line":123,"column":8}},"62":{"start":{"line":128,"column":6},"end":{"line":128,"column":57}},"63":{"start":{"line":133,"column":6},"end":{"line":133,"column":42}},"64":{"start":{"line":138,"column":19},"end":{"line":138,"column":23}},"65":{"start":{"line":140,"column":6},"end":{"line":247,"column":8}},"66":{"start":{"line":155,"column":14},"end":{"line":155,"column":61}},"67":{"start":{"line":163,"column":14},"end":{"line":163,"column":61}},"68":{"start":{"line":171,"column":14},"end":{"line":171,"column":61}},"69":{"start":{"line":179,"column":14},"end":{"line":179,"column":61}},"70":{"start":{"line":191,"column":14},"end":{"line":191,"column":61}},"71":{"start":{"line":199,"column":14},"end":{"line":199,"column":61}},"72":{"start":{"line":207,"column":14},"end":{"line":207,"column":61}},"73":{"start":{"line":215,"column":14},"end":{"line":215,"column":61}},"74":{"start":{"line":230,"column":12},"end":{"line":230,"column":49}},"75":{"start":{"line":237,"column":12},"end":{"line":237,"column":52}},"76":{"start":{"line":244,"column":12},"end":{"line":244,"column":57}},"77":{"start":{"line":251,"column":2},"end":{"line":251,"column":23}},"78":{"start":{"line":254,"column":0},"end":{"line":254,"column":32}}},"fnMap":{"0":{"name":"(anonymous_0)","decl":{"start":{"line":7,"column":19},"end":{"line":7,"column":20}},"loc":{"start":{"line":7,"column":31},"end":{"line":7,"column":561}},"line":7},"1":{"name":"defineProperties","decl":{"start":{"line":7,"column":42},"end":{"line":7,"column":58}},"loc":{"start":{"line":7,"column":74},"end":{"line":7,"column":349}},"line":7},"2":{"name":"(anonymous_2)","decl":{"start":{"line":7,"column":357},"end":{"line":7,"column":358}},"loc":{"start":{"line":7,"column":405},"end":{"line":7,"column":558}},"line":7},"3":{"name":"_interopRequireDefault","decl":{"start":{"line":17,"column":9},"end":{"line":17,"column":31}},"loc":{"start":{"line":17,"column":37},"end":{"line":17,"column":95}},"line":17},"4":{"name":"_classCallCheck","decl":{"start":{"line":19,"column":9},"end":{"line":19,"column":24}},"loc":{"start":{"line":19,"column":48},"end":{"line":19,"column":153}},"line":19},"5":{"name":"_possibleConstructorReturn","decl":{"start":{"line":21,"column":9},"end":{"line":21,"column":35}},"loc":{"start":{"line":21,"column":48},"end":{"line":21,"column":240}},"line":21},"6":{"name":"_inherits","decl":{"start":{"line":23,"column":9},"end":{"line":23,"column":18}},"loc":{"start":{"line":23,"column":41},"end":{"line":23,"column":494}},"line":23},"7":{"name":"(anonymous_7)","decl":{"start":{"line":27,"column":20},"end":{"line":27,"column":21}},"loc":{"start":{"line":27,"column":52},"end":{"line":252,"column":1}},"line":27},"8":{"name":"Entertainment","decl":{"start":{"line":30,"column":11},"end":{"line":30,"column":24}},"loc":{"start":{"line":30,"column":32},"end":{"line":60,"column":3}},"line":30},"9":{"name":"changeHeight","decl":{"start":{"line":64,"column":20},"end":{"line":64,"column":32}},"loc":{"start":{"line":64,"column":52},"end":{"line":86,"column":5}},"line":64},"10":{"name":"makeVideo","decl":{"start":{"line":89,"column":20},"end":{"line":89,"column":29}},"loc":{"start":{"line":89,"column":46},"end":{"line":111,"column":5}},"line":89},"11":{"name":"onPlay","decl":{"start":{"line":106,"column":27},"end":{"line":106,"column":33}},"loc":{"start":{"line":106,"column":37},"end":{"line":108,"column":11}},"line":106},"12":{"name":"openModal","decl":{"start":{"line":114,"column":20},"end":{"line":114,"column":29}},"loc":{"start":{"line":114,"column":32},"end":{"line":124,"column":5}},"line":114},"13":{"name":"openModalState","decl":{"start":{"line":127,"column":20},"end":{"line":127,"column":34}},"loc":{"start":{"line":127,"column":42},"end":{"line":129,"column":5}},"line":127},"14":{"name":"closeModal","decl":{"start":{"line":132,"column":20},"end":{"line":132,"column":30}},"loc":{"start":{"line":132,"column":33},"end":{"line":134,"column":5}},"line":132},"15":{"name":"render","decl":{"start":{"line":137,"column":20},"end":{"line":137,"column":26}},"loc":{"start":{"line":137,"column":29},"end":{"line":248,"column":5}},"line":137},"16":{"name":"onClick","decl":{"start":{"line":154,"column":30},"end":{"line":154,"column":37}},"loc":{"start":{"line":154,"column":40},"end":{"line":156,"column":13}},"line":154},"17":{"name":"onClick","decl":{"start":{"line":162,"column":30},"end":{"line":162,"column":37}},"loc":{"start":{"line":162,"column":40},"end":{"line":164,"column":13}},"line":162},"18":{"name":"onClick","decl":{"start":{"line":170,"column":30},"end":{"line":170,"column":37}},"loc":{"start":{"line":170,"column":40},"end":{"line":172,"column":13}},"line":170},"19":{"name":"onClick","decl":{"start":{"line":178,"column":30},"end":{"line":178,"column":37}},"loc":{"start":{"line":178,"column":40},"end":{"line":180,"column":13}},"line":178},"20":{"name":"onClick","decl":{"start":{"line":190,"column":30},"end":{"line":190,"column":37}},"loc":{"start":{"line":190,"column":40},"end":{"line":192,"column":13}},"line":190},"21":{"name":"onClick","decl":{"start":{"line":198,"column":30},"end":{"line":198,"column":37}},"loc":{"start":{"line":198,"column":40},"end":{"line":200,"column":13}},"line":198},"22":{"name":"onClick","decl":{"start":{"line":206,"column":30},"end":{"line":206,"column":37}},"loc":{"start":{"line":206,"column":40},"end":{"line":208,"column":13}},"line":206},"23":{"name":"onClick","decl":{"start":{"line":214,"column":30},"end":{"line":214,"column":37}},"loc":{"start":{"line":214,"column":40},"end":{"line":216,"column":13}},"line":214},"24":{"name":"(anonymous_24)","decl":{"start":{"line":229,"column":38},"end":{"line":229,"column":39}},"loc":{"start":{"line":229,"column":54},"end":{"line":231,"column":11}},"line":229},"25":{"name":"(anonymous_25)","decl":{"start":{"line":236,"column":38},"end":{"line":236,"column":39}},"loc":{"start":{"line":236,"column":54},"end":{"line":238,"column":11}},"line":236},"26":{"name":"(anonymous_26)","decl":{"start":{"line":243,"column":38},"end":{"line":243,"column":39}},"loc":{"start":{"line":243,"column":59},"end":{"line":245,"column":11}},"line":243}},"branchMap":{"0":{"loc":{"start":{"line":7,"column":168},"end":{"line":7,"column":198}},"type":"binary-expr","locations":[{"start":{"line":7,"column":168},"end":{"line":7,"column":189}},{"start":{"line":7,"column":193},"end":{"line":7,"column":198}}],"line":7},"1":{"loc":{"start":{"line":7,"column":232},"end":{"line":7,"column":286}},"type":"if","locations":[{"start":{"line":7,"column":232},"end":{"line":7,"column":286}},{"start":{"line":7,"column":232},"end":{"line":7,"column":286}}],"line":7},"2":{"loc":{"start":{"line":7,"column":407},"end":{"line":7,"column":475}},"type":"if","locations":[{"start":{"line":7,"column":407},"end":{"line":7,"column":475}},{"start":{"line":7,"column":407},"end":{"line":7,"column":475}}],"line":7},"3":{"loc":{"start":{"line":7,"column":476},"end":{"line":7,"column":536}},"type":"if","locations":[{"start":{"line":7,"column":476},"end":{"line":7,"column":536}},{"start":{"line":7,"column":476},"end":{"line":7,"column":536}}],"line":7},"4":{"loc":{"start":{"line":17,"column":46},"end":{"line":17,"column":92}},"type":"cond-expr","locations":[{"start":{"line":17,"column":70},"end":{"line":17,"column":73}},{"start":{"line":17,"column":76},"end":{"line":17,"column":92}}],"line":17},"5":{"loc":{"start":{"line":17,"column":46},"end":{"line":17,"column":67}},"type":"binary-expr","locations":[{"start":{"line":17,"column":46},"end":{"line":17,"column":49}},{"start":{"line":17,"column":53},"end":{"line":17,"column":67}}],"line":17},"6":{"loc":{"start":{"line":19,"column":50},"end":{"line":19,"column":151}},"type":"if","locations":[{"start":{"line":19,"column":50},"end":{"line":19,"column":151}},{"start":{"line":19,"column":50},"end":{"line":19,"column":151}}],"line":19},"7":{"loc":{"start":{"line":21,"column":50},"end":{"line":21,"column":151}},"type":"if","locations":[{"start":{"line":21,"column":50},"end":{"line":21,"column":151}},{"start":{"line":21,"column":50},"end":{"line":21,"column":151}}],"line":21},"8":{"loc":{"start":{"line":21,"column":159},"end":{"line":21,"column":237}},"type":"cond-expr","locations":[{"start":{"line":21,"column":226},"end":{"line":21,"column":230}},{"start":{"line":21,"column":233},"end":{"line":21,"column":237}}],"line":21},"9":{"loc":{"start":{"line":21,"column":159},"end":{"line":21,"column":223}},"type":"binary-expr","locations":[{"start":{"line":21,"column":159},"end":{"line":21,"column":163}},{"start":{"line":21,"column":168},"end":{"line":21,"column":192}},{"start":{"line":21,"column":196},"end":{"line":21,"column":222}}],"line":21},"10":{"loc":{"start":{"line":23,"column":43},"end":{"line":23,"column":208}},"type":"if","locations":[{"start":{"line":23,"column":43},"end":{"line":23,"column":208}},{"start":{"line":23,"column":43},"end":{"line":23,"column":208}}],"line":23},"11":{"loc":{"start":{"line":23,"column":47},"end":{"line":23,"column":102}},"type":"binary-expr","locations":[{"start":{"line":23,"column":47},"end":{"line":23,"column":79}},{"start":{"line":23,"column":83},"end":{"line":23,"column":102}}],"line":23},"12":{"loc":{"start":{"line":23,"column":244},"end":{"line":23,"column":278}},"type":"binary-expr","locations":[{"start":{"line":23,"column":244},"end":{"line":23,"column":254}},{"start":{"line":23,"column":258},"end":{"line":23,"column":278}}],"line":23},"13":{"loc":{"start":{"line":23,"column":374},"end":{"line":23,"column":492}},"type":"if","locations":[{"start":{"line":23,"column":374},"end":{"line":23,"column":492}},{"start":{"line":23,"column":374},"end":{"line":23,"column":492}}],"line":23},"14":{"loc":{"start":{"line":23,"column":390},"end":{"line":23,"column":491}},"type":"cond-expr","locations":[{"start":{"line":23,"column":414},"end":{"line":23,"column":457}},{"start":{"line":23,"column":460},"end":{"line":23,"column":491}}],"line":23},"15":{"loc":{"start":{"line":33,"column":50},"end":{"line":33,"column":113}},"type":"binary-expr","locations":[{"start":{"line":33,"column":50},"end":{"line":33,"column":73}},{"start":{"line":33,"column":77},"end":{"line":33,"column":113}}],"line":33},"16":{"loc":{"start":{"line":66,"column":6},"end":{"line":68,"column":7}},"type":"if","locations":[{"start":{"line":66,"column":6},"end":{"line":68,"column":7}},{"start":{"line":66,"column":6},"end":{"line":68,"column":7}}],"line":66},"17":{"loc":{"start":{"line":94,"column":6},"end":{"line":96,"column":7}},"type":"if","locations":[{"start":{"line":94,"column":6},"end":{"line":96,"column":7}},{"start":{"line":94,"column":6},"end":{"line":96,"column":7}}],"line":94},"18":{"loc":{"start":{"line":143,"column":8},"end":{"line":143,"column":54}},"type":"cond-expr","locations":[{"start":{"line":143,"column":31},"end":{"line":143,"column":47}},{"start":{"line":143,"column":50},"end":{"line":143,"column":54}}],"line":143}},"s":{"0":0,"1":0,"2":0,"3":0,"4":0,"5":0,"6":0,"7":0,"8":0,"9":0,"10":0,"11":0,"12":0,"13":0,"14":0,"15":0,"16":0,"17":0,"18":0,"19":0,"20":0,"21":0,"22":0,"23":0,"24":0,"25":0,"26":0,"27":0,"28":0,"29":0,"30":0,"31":0,"32":0,"33":0,"34":0,"35":0,"36":0,"37":0,"38":0,"39":0,"40":0,"41":0,"42":0,"43":0,"44":0,"45":0,"46":0,"47":0,"48":0,"49":0,"50":0,"51":0,"52":0,"53":0,"54":0,"55":0,"56":0,"57":0,"58":0,"59":0,"60":0,"61":0,"62":0,"63":0,"64":0,"65":0,"66":0,"67":0,"68":0,"69":0,"70":0,"71":0,"72":0,"73":0,"74":0,"75":0,"76":0,"77":0,"78":0},"f":{"0":0,"1":0,"2":0,"3":0,"4":0,"5":0,"6":0,"7":0,"8":0,"9":0,"10":0,"11":0,"12":0,"13":0,"14":0,"15":0,"16":0,"17":0,"18":0,"19":0,"20":0,"21":0,"22":0,"23":0,"24":0,"25":0,"26":0},"b":{"0":[0,0],"1":[0,0],"2":[0,0],"3":[0,0],"4":[0,0],"5":[0,0],"6":[0,0],"7":[0,0],"8":[0,0],"9":[0,0,0],"10":[0,0],"11":[0,0],"12":[0,0],"13":[0,0],"14":[0,0],"15":[0,0],"16":[0,0],"17":[0,0],"18":[0,0]}}
,"/home/wadah/Desktop/BrandonLondonTV/frontend/components/footer.jsx": {"path":"/home/wadah/Desktop/BrandonLondonTV/frontend/components/footer.jsx","statementMap":{"0":{"start":{"line":3,"column":0},"end":{"line":5,"column":3}},"1":{"start":{"line":7,"column":19},"end":{"line":7,"column":563}},"2":{"start":{"line":7,"column":76},"end":{"line":7,"column":347}},"3":{"start":{"line":7,"column":134},"end":{"line":7,"column":142}},"4":{"start":{"line":7,"column":144},"end":{"line":7,"column":199}},"5":{"start":{"line":7,"column":200},"end":{"line":7,"column":231}},"6":{"start":{"line":7,"column":232},"end":{"line":7,"column":286}},"7":{"start":{"line":7,"column":259},"end":{"line":7,"column":286}},"8":{"start":{"line":7,"column":287},"end":{"line":7,"column":345}},"9":{"start":{"line":7,"column":350},"end":{"line":7,"column":559}},"10":{"start":{"line":7,"column":407},"end":{"line":7,"column":475}},"11":{"start":{"line":7,"column":423},"end":{"line":7,"column":475}},"12":{"start":{"line":7,"column":476},"end":{"line":7,"column":536}},"13":{"start":{"line":7,"column":493},"end":{"line":7,"column":536}},"14":{"start":{"line":7,"column":537},"end":{"line":7,"column":556}},"15":{"start":{"line":9,"column":13},"end":{"line":9,"column":29}},"16":{"start":{"line":11,"column":14},"end":{"line":11,"column":44}},"17":{"start":{"line":13,"column":22},"end":{"line":13,"column":49}},"18":{"start":{"line":15,"column":39},"end":{"line":15,"column":93}},"19":{"start":{"line":17,"column":50},"end":{"line":17,"column":151}},"20":{"start":{"line":17,"column":92},"end":{"line":17,"column":149}},"21":{"start":{"line":19,"column":50},"end":{"line":19,"column":151}},"22":{"start":{"line":19,"column":63},"end":{"line":19,"column":149}},"23":{"start":{"line":19,"column":152},"end":{"line":19,"column":238}},"24":{"start":{"line":21,"column":43},"end":{"line":21,"column":208}},"25":{"start":{"line":21,"column":106},"end":{"line":21,"column":206}},"26":{"start":{"line":21,"column":209},"end":{"line":21,"column":373}},"27":{"start":{"line":21,"column":374},"end":{"line":21,"column":492}},"28":{"start":{"line":21,"column":390},"end":{"line":21,"column":492}},"29":{"start":{"line":23,"column":13},"end":{"line":138,"column":32}},"30":{"start":{"line":24,"column":2},"end":{"line":24,"column":42}},"31":{"start":{"line":27,"column":4},"end":{"line":27,"column":34}},"32":{"start":{"line":29,"column":16},"end":{"line":29,"column":112}},"33":{"start":{"line":31,"column":4},"end":{"line":31,"column":55}},"34":{"start":{"line":33,"column":4},"end":{"line":33,"column":54}},"35":{"start":{"line":34,"column":4},"end":{"line":34,"column":52}},"36":{"start":{"line":35,"column":4},"end":{"line":35,"column":17}},"37":{"start":{"line":38,"column":2},"end":{"line":135,"column":6}},"38":{"start":{"line":41,"column":6},"end":{"line":41,"column":59}},"39":{"start":{"line":46,"column":6},"end":{"line":46,"column":58}},"40":{"start":{"line":51,"column":6},"end":{"line":133,"column":8}},"41":{"start":{"line":137,"column":2},"end":{"line":137,"column":16}},"42":{"start":{"line":140,"column":0},"end":{"line":140,"column":25}}},"fnMap":{"0":{"name":"(anonymous_0)","decl":{"start":{"line":7,"column":19},"end":{"line":7,"column":20}},"loc":{"start":{"line":7,"column":31},"end":{"line":7,"column":561}},"line":7},"1":{"name":"defineProperties","decl":{"start":{"line":7,"column":42},"end":{"line":7,"column":58}},"loc":{"start":{"line":7,"column":74},"end":{"line":7,"column":349}},"line":7},"2":{"name":"(anonymous_2)","decl":{"start":{"line":7,"column":357},"end":{"line":7,"column":358}},"loc":{"start":{"line":7,"column":405},"end":{"line":7,"column":558}},"line":7},"3":{"name":"_interopRequireDefault","decl":{"start":{"line":15,"column":9},"end":{"line":15,"column":31}},"loc":{"start":{"line":15,"column":37},"end":{"line":15,"column":95}},"line":15},"4":{"name":"_classCallCheck","decl":{"start":{"line":17,"column":9},"end":{"line":17,"column":24}},"loc":{"start":{"line":17,"column":48},"end":{"line":17,"column":153}},"line":17},"5":{"name":"_possibleConstructorReturn","decl":{"start":{"line":19,"column":9},"end":{"line":19,"column":35}},"loc":{"start":{"line":19,"column":48},"end":{"line":19,"column":240}},"line":19},"6":{"name":"_inherits","decl":{"start":{"line":21,"column":9},"end":{"line":21,"column":18}},"loc":{"start":{"line":21,"column":41},"end":{"line":21,"column":494}},"line":21},"7":{"name":"(anonymous_7)","decl":{"start":{"line":23,"column":13},"end":{"line":23,"column":14}},"loc":{"start":{"line":23,"column":45},"end":{"line":138,"column":1}},"line":23},"8":{"name":"Footer","decl":{"start":{"line":26,"column":11},"end":{"line":26,"column":17}},"loc":{"start":{"line":26,"column":20},"end":{"line":36,"column":3}},"line":26},"9":{"name":"changeImage","decl":{"start":{"line":40,"column":20},"end":{"line":40,"column":31}},"loc":{"start":{"line":40,"column":34},"end":{"line":42,"column":5}},"line":40},"10":{"name":"changeBack","decl":{"start":{"line":45,"column":20},"end":{"line":45,"column":30}},"loc":{"start":{"line":45,"column":33},"end":{"line":47,"column":5}},"line":45},"11":{"name":"render","decl":{"start":{"line":50,"column":20},"end":{"line":50,"column":26}},"loc":{"start":{"line":50,"column":29},"end":{"line":134,"column":5}},"line":50}},"branchMap":{"0":{"loc":{"start":{"line":7,"column":168},"end":{"line":7,"column":198}},"type":"binary-expr","locations":[{"start":{"line":7,"column":168},"end":{"line":7,"column":189}},{"start":{"line":7,"column":193},"end":{"line":7,"column":198}}],"line":7},"1":{"loc":{"start":{"line":7,"column":232},"end":{"line":7,"column":286}},"type":"if","locations":[{"start":{"line":7,"column":232},"end":{"line":7,"column":286}},{"start":{"line":7,"column":232},"end":{"line":7,"column":286}}],"line":7},"2":{"loc":{"start":{"line":7,"column":407},"end":{"line":7,"column":475}},"type":"if","locations":[{"start":{"line":7,"column":407},"end":{"line":7,"column":475}},{"start":{"line":7,"column":407},"end":{"line":7,"column":475}}],"line":7},"3":{"loc":{"start":{"line":7,"column":476},"end":{"line":7,"column":536}},"type":"if","locations":[{"start":{"line":7,"column":476},"end":{"line":7,"column":536}},{"start":{"line":7,"column":476},"end":{"line":7,"column":536}}],"line":7},"4":{"loc":{"start":{"line":15,"column":46},"end":{"line":15,"column":92}},"type":"cond-expr","locations":[{"start":{"line":15,"column":70},"end":{"line":15,"column":73}},{"start":{"line":15,"column":76},"end":{"line":15,"column":92}}],"line":15},"5":{"loc":{"start":{"line":15,"column":46},"end":{"line":15,"column":67}},"type":"binary-expr","locations":[{"start":{"line":15,"column":46},"end":{"line":15,"column":49}},{"start":{"line":15,"column":53},"end":{"line":15,"column":67}}],"line":15},"6":{"loc":{"start":{"line":17,"column":50},"end":{"line":17,"column":151}},"type":"if","locations":[{"start":{"line":17,"column":50},"end":{"line":17,"column":151}},{"start":{"line":17,"column":50},"end":{"line":17,"column":151}}],"line":17},"7":{"loc":{"start":{"line":19,"column":50},"end":{"line":19,"column":151}},"type":"if","locations":[{"start":{"line":19,"column":50},"end":{"line":19,"column":151}},{"start":{"line":19,"column":50},"end":{"line":19,"column":151}}],"line":19},"8":{"loc":{"start":{"line":19,"column":159},"end":{"line":19,"column":237}},"type":"cond-expr","locations":[{"start":{"line":19,"column":226},"end":{"line":19,"column":230}},{"start":{"line":19,"column":233},"end":{"line":19,"column":237}}],"line":19},"9":{"loc":{"start":{"line":19,"column":159},"end":{"line":19,"column":223}},"type":"binary-expr","locations":[{"start":{"line":19,"column":159},"end":{"line":19,"column":163}},{"start":{"line":19,"column":168},"end":{"line":19,"column":192}},{"start":{"line":19,"column":196},"end":{"line":19,"column":222}}],"line":19},"10":{"loc":{"start":{"line":21,"column":43},"end":{"line":21,"column":208}},"type":"if","locations":[{"start":{"line":21,"column":43},"end":{"line":21,"column":208}},{"start":{"line":21,"column":43},"end":{"line":21,"column":208}}],"line":21},"11":{"loc":{"start":{"line":21,"column":47},"end":{"line":21,"column":102}},"type":"binary-expr","locations":[{"start":{"line":21,"column":47},"end":{"line":21,"column":79}},{"start":{"line":21,"column":83},"end":{"line":21,"column":102}}],"line":21},"12":{"loc":{"start":{"line":21,"column":244},"end":{"line":21,"column":278}},"type":"binary-expr","locations":[{"start":{"line":21,"column":244},"end":{"line":21,"column":254}},{"start":{"line":21,"column":258},"end":{"line":21,"column":278}}],"line":21},"13":{"loc":{"start":{"line":21,"column":374},"end":{"line":21,"column":492}},"type":"if","locations":[{"start":{"line":21,"column":374},"end":{"line":21,"column":492}},{"start":{"line":21,"column":374},"end":{"line":21,"column":492}}],"line":21},"14":{"loc":{"start":{"line":21,"column":390},"end":{"line":21,"column":491}},"type":"cond-expr","locations":[{"start":{"line":21,"column":414},"end":{"line":21,"column":457}},{"start":{"line":21,"column":460},"end":{"line":21,"column":491}}],"line":21},"15":{"loc":{"start":{"line":29,"column":50},"end":{"line":29,"column":99}},"type":"binary-expr","locations":[{"start":{"line":29,"column":50},"end":{"line":
[...]
{"line":56,"column":34}},"loc":{"start":{"line":56,"column":45},"end":{"line":58,"column":7}},"line":56},"12":{"name":"componentWillMount","decl":{"start":{"line":62,"column":20},"end":{"line":62,"column":38}},"loc":{"start":{"line":62,"column":41},"end":{"line":64,"column":5}},"line":62},"13":{"name":"onYouTubeApiLoad","decl":{"start":{"line":67,"column":20},"end":{"line":67,"column":36}},"loc":{"start":{"line":67,"column":39},"end":{"line":70,"column":5}},"line":67},"14":{"name":"onSearchResponse","decl":{"start":{"line":73,"column":20},"end":{"line":73,"column":36}},"loc":{"start":{"line":73,"column":47},"end":{"line":76,"column":5}},"line":73},"15":{"name":"search","decl":{"start":{"line":79,"column":20},"end":{"line":79,"column":26}},"loc":{"start":{"line":79,"column":29},"end":{"line":87,"column":5}},"line":79},"16":{"name":"parseVideo","decl":{"start":{"line":90,"column":20},"end":{"line":90,"column":30}},"loc":{"start":{"line":90,"column":33},"end":{"line":93,"column":5}},"line":90},"17":{"name":"renderVideo","decl":{"start":{"line":96,"column":20},"end":{"line":96,"column":31}},"loc":{"start":{"line":96,"column":34},"end":{"line":107,"column":5}},"line":96},"18":{"name":"render","decl":{"start":{"line":110,"column":20},"end":{"line":110,"column":26}},"loc":{"start":{"line":110,"column":29},"end":{"line":116,"column":5}},"line":110}},"branchMap":{"0":{"loc":{"start":{"line":7,"column":168},"end":{"line":7,"column":198}},"type":"binary-expr","locations":[{"start":{"line":7,"column":168},"end":{"line":7,"column":189}},{"start":{"line":7,"column":193},"end":{"line":7,"column":198}}],"line":7},"1":{"loc":{"start":{"line":7,"column":232},"end":{"line":7,"column":286}},"type":"if","locations":[{"start":{"line":7,"column":232},"end":{"line":7,"column":286}},{"start":{"line":7,"column":232},"end":{"line":7,"column":286}}],"line":7},"2":{"loc":{"start":{"line":7,"column":407},"end":{"line":7,"column":475}},"type":"if","locations":[{"start":{"line":7,"column":407},"end":{"line":7,"column":475}},{"start":{"line":7,"column":407},"end":{"line":7,"column":475}}],"line":7},"3":{"loc":{"start":{"line":7,"column":476},"end":{"line":7,"column":536}},"type":"if","locations":[{"start":{"line":7,"column":476},"end":{"line":7,"column":536}},{"start":{"line":7,"column":476},"end":{"line":7,"column":536}}],"line":7},"4":{"loc":{"start":{"line":23,"column":46},"end":{"line":23,"column":92}},"type":"cond-expr","locations":[{"start":{"line":23,"column":70},"end":{"line":23,"column":73}},{"start":{"line":23,"column":76},"end":{"line":23,"column":92}}],"line":23},"5":{"loc":{"start":{"line":23,"column":46},"end":{"line":23,"column":67}},"type":"binary-expr","locations":[{"start":{"line":23,"column":46},"end":{"line":23,"column":49}},{"start":{"line":23,"column":53},"end":{"line":23,"column":67}}],"line":23},"6":{"loc":{"start":{"line":25,"column":50},"end":{"line":25,"column":151}},"type":"if","locations":[{"start":{"line":25,"column":50},"end":{"line":25,"column":151}},{"start":{"line":25,"column":50},"end":{"line":25,"column":151}}],"line":25},"7":{"loc":{"start":{"line":27,"column":50},"end":{"line":27,"column":151}},"type":"if","locations":[{"start":{"line":27,"column":50},"end":{"line":27,"column":151}},{"start":{"line":27,"column":50},"end":{"line":27,"column":151}}],"line":27},"8":{"loc":{"start":{"line":27,"column":159},"end":{"line":27,"column":237}},"type":"cond-expr","locations":[{"start":{"line":27,"column":226},"end":{"line":27,"column":230}},{"start":{"line":27,"column":233},"end":{"line":27,"column":237}}],"line":27},"9":{"loc":{"start":{"line":27,"column":159},"end":{"line":27,"column":223}},"type":"binary-expr","locations":[{"start":{"line":27,"column":159},"end":{"line":27,"column":163}},{"start":{"line":27,"column":168},"end":{"line":27,"column":192}},{"start":{"line":27,"column":196},"end":{"line":27,"column":222}}],"line":27},"10":{"loc":{"start":{"line":29,"column":43},"end":{"line":29,"column":208}},"type":"if","locations":[{"start":{"line":29,"column":43},"end":{"line":29,"column":208}},{"start":{"line":29,"column":43},"end":{"line":29,"column":208}}],"line":29},"11":{"loc":{"start":{"line":29,"column":47},"end":{"line":29,"column":102}},"type":"binary-expr","locations":[{"start":{"line":29,"column":47},"end":{"line":29,"column":79}},{"start":{"line":29,"column":83},"end":{"line":29,"column":102}}],"line":29},"12":{"loc":{"start":{"line":29,"column":244},"end":{"line":29,"column":278}},"type":"binary-expr","locations":[{"start":{"line":29,"column":244},"end":{"line":29,"column":254}},{"start":{"line":29,"column":258},"end":{"line":29,"column":278}}],"line":29},"13":{"loc":{"start":{"line":29,"column":374},"end":{"line":29,"column":492}},"type":"if","locations":[{"start":{"line":29,"column":374},"end":{"line":29,"column":492}},{"start":{"line":29,"column":374},"end":{"line":29,"column":492}}],"line":29},"14":{"loc":{"start":{"line":29,"column":390},"end":{"line":29,"column":491}},"type":"cond-expr","locations":[{"start":{"line":29,"column":414},"end":{"line":29,"column":457}},{"start":{"line":29,"column":460},"end":{"line":29,"column":491}}],"line":29},"15":{"loc":{"start":{"line":41,"column":50},"end":{"line":41,"column":101}},"type":"binary-expr","locations":[{"start":{"line":41,"column":50},"end":{"line":41,"column":67}},{"start":{"line":41,"column":71},"end":{"line":41,"column":101}}],"line":41},"16":{"loc":{"start":{"line":99,"column":6},"end":{"line":101,"column":7}},"type":"if","locations":[{"start":{"line":99,"column":6},"end":{"line":101,"column":7}},{"start":{"line":99,"column":6},"end":{"line":101,"column":7}}],"line":99}},"s":{"0":0,"1":0,"2":0,"3":0,"4":0,"5":0,"6":0,"7":0,"8":0,"9":0,"10":0,"11":0,"12":0,"13":0,"14":0,"15":0,"16":0,"17":0,"18":0,"19":0,"20":0,"21":0,"22":0,"23":0,"24":0,"25":0,"26":0,"27":0,"28":0,"29":0,"30":0,"31":0,"32":0,"33":0,"34":0,"35":0,"36":0,"37":0,"38":0,"39":0,"40":0,"41":0,"42":0,"43":0,"44":0,"45":0,"46":0,"47":0,"48":0,"49":0,"50":0,"51":0,"52":0,"53":0,"54":0,"55":0,"56":0,"57":0,"58":0,"59":0,"60":0,"61":0,"62":0,"63":0},"f":{"0":0,"1":0,"2":0,"3":0,"4":0,"5":0,"6":0,"7":0,"8":0,"9":0,"10":0,"11":0,"12":0,"13":0,"14":0,"15":0,"16":0,"17":0,"18":0},"b":{"0":[0,0],"1":[0,0],"2":[0,0],"3":[0,0],"4":[0,0],"5":[0,0],"6":[0,0],"7":[0,0],"8":[0,0],"9":[0,0,0],"10":[0,0],"11":[0,0],"12":[0,0],"13":[0,0],"14":[0,0],"15":[0,0],"16":[0,0]}}
,"/home/wadah/Desktop/BrandonLondonTV/frontend/components/header/header.jsx": {"path":"/home/wadah/Desktop/BrandonLondonTV/frontend/components/header/header.jsx","statementMap":{"0":{"start":{"line":3,"column":0},"end":{"line":5,"column":3}},"1":{"start":{"line":7,"column":19},"end":{"line":7,"column":563}},"2":{"start":{"line":7,"column":76},"end":{"line":7,"column":347}},"3":{"start":{"line":7,"column":134},"end":{"line":7,"column":142}},"4":{"start":{"line":7,"column":144},"end":{"line":7,"column":199}},"5":{"start":{"line":7,"column":200},"end":{"line":7,"column":231}},"6":{"start":{"line":7,"column":232},"end":{"line":7,"column":286}},"7":{"start":{"line":7,"column":259},"end":{"line":7,"column":286}},"8":{"start":{"line":7,"column":287},"end":{"line":7,"column":345}},"9":{"start":{"line":7,"column":350},"end":{"line":7,"column":559}},"10":{"start":{"line":7,"column":407},"end":{"line":7,"column":475}},"11":{"start":{"line":7,"column":423},"end":{"line":7,"column":475}},"12":{"start":{"line":7,"column":476},"end":{"line":7,"column":536}},"13":{"start":{"line":7,"column":493},"end":{"line":7,"column":536}},"14":{"start":{"line":7,"column":537},"end":{"line":7,"column":556}},"15":{"start":{"line":9,"column":13},"end":{"line":9,"column":29}},"16":{"start":{"line":11,"column":14},"end":{"line":11,"column":44}},"17":{"start":{"line":13,"column":22},"end":{"line":13,"column":49}},"18":{"start":{"line":15,"column":20},"end":{"line":15,"column":45}},"19":{"start":{"line":17,"column":39},"end":{"line":17,"column":93}},"20":{"start":{"line":19,"column":50},"end":{"line":19,"column":151}},"21":{"start":{"line":19,"column":92},"end":{"line":19,"column":149}},"22":{"start":{"line":21,"column":50},"end":{"line":21,"column":151}},"23":{"start":{"line":21,"column":63},"end":{"line":21,"column":149}},"24":{"start":{"line":21,"column":152},"end":{"line":21,"column":238}},"25":{"start":{"line":23,"column":43},"end":{"line":23,"column":208}},"26":{"start":{"line":23,"column":106},"end":{"line":23,"column":206}},"27":{"start":{"line":23,"column":209},"end":{"line":23,"column":373}},"28":{"start":{"line":23,"column":374},"end":{"line":23,"column":492}},"29":{"start":{"line":23,"column":390},"end":{"line":23,"column":492}},"30":{"start":{"line":25,"column":16},"end":{"line":25,"column":300}},"31":{"start":{"line":27,"column":17},"end":{"line":27,"column":309}},"32":{"start":{"line":29,"column":13},"end":{"line":129,"column":28}},"33":{"start":{"line":30,"column":2},"end":{"line":30,"column":38}},"34":{"start":{"line":33,"column":4},"end":{"line":33,"column":34}},"35":{"start":{"line":35,"column":4},"end":{"line":35,"column":120}},"36":{"start":{"line":38,"column":2},"end":{"line":126,"column":6}},"37":{"start":{"line":41,"column":6},"end":{"line":41,"column":27}},"38":{"start":{"line":47,"column":27},"end":{"line":47,"column":101}},"39":{"start":{"line":50,"column":6},"end":{"line":63,"column":7}},"40":{"start":{"line":52,"column":8},"end":{"line":62,"column":11}},"41":{"start":{"line":53,"column":10},"end":{"line":61,"column":13}},"42":{"start":{"line":55,"column":25},"end":{"line":55,"column":43}},"43":{"start":{"line":56,"column":26},"end":{"line":56,"column":57}},"44":{"start":{"line":59,"column":12},"end":{"line":59,"column":46}},"45":{"start":{"line":60,"column":12},"end":{"line":60,"column":50}},"46":{"start":{"line":68,"column":19},"end":{"line":68,"column":59}},"47":{"start":{"line":69,"column":19},"end":{"line":69,"column":65}},"48":{"start":{"line":70,"column":6},"end":{"line":70,"column":43}},"49":{"start":{"line":71,"column":6},"end":{"line":71,"column":43}},"50":{"start":{"line":76,"column":19},"end":{"line":76,"column":23}},"51":{"start":{"line":78,"column":6},"end":{"line":124,"column":8}},"52":{"start":{"line":112,"column":16},"end":{"line":112,"column":93}},"53":{"start":{"line":119,"column":16},"end":{"line":119,"column":90}},"54":{"start":{"line":128,"column":2},"end":{"line":128,"column":16}},"55":{"start":{"line":131,"column":0},"end":{"line":131,"column":25}}},"fnMap":{"0":{"name":"(anonymous_0)","decl":{"start":{"line":7,"column":19},"end":{"line":7,"column":20}},"loc":{"start":{"line":7,"column":31},"end":{"line":7,"column":561}},"line":7},"1":{"name":"defineProperties","decl":{"start":{"line":7,"column":42},"end":{"line":7,"column":58}},"loc":{"start":{"line":7,"column":74},"end":{"line":7,"column":349}},"line":7},"2":{"name":"(anonymous_2)","decl":{"start":{"line":7,"column":357},"end":{"line":7,"column":358}},"loc":{"start":{"line":7,"column":405},"end":{"line":7,"column":558}},"line":7},"3":{"name":"_interopRequireDefault","decl":{"start":{"line":17,"column":9},"end":{"line":17,"column":31}},"loc":{"start":{"line":17,"column":37},"end":{"line":17,"column":95}},"line":17},"4":{"name":"_classCallCheck","decl":{"start":{"line":19,"column":9},"end":{"line":19,"column":24}},"loc":{"start":{"line":19,"column":48},"end":{"line":19,"column":153}},"line":19},"5":{"name":"_possibleConstructorReturn","decl":{"start":{"line":21,"column":9},"end":{"line":21,"column":35}},"loc":{"start":{"line":21,"column":48},"end":{"line":21,"column":240}},"line":21},"6":{"name":"_inherits","decl":{"start":{"line":23,"column":9},"end":{"line":23,"column":18}},"loc":{"start":{"line":23,"column":41},"end":{"line":23,"column":494}},"line":23},"7":{"name":"(anonymous_7)","decl":{"start":{"line":29,"column":13},"end":{"line":29,"column":14}},"loc":{"start":{"line":29,"column":41},"end":{"line":129,"column":1}},"line":29},"8":{"name":"Header","decl":{"start":{"line":32,"column":11},"end":{"line":32,"column":17}},"loc":{"start":{"line":32,"column":20},"end":{"line":36,"column":3}},"line":32},"9":{"name":"componentDidMount","decl":{"start":{"line":40,"column":20},"end":{"line":40,"column":37}},"loc":{"start":{"line":40,"column":40},"end":{"line":42,"column":5}},"line":40},"10":{"name":"burgerActions","decl":{"start":{"line":45,"column":20},"end":{"line":45,"column":33}},"loc":{"start":{"line":45,"column":36},"end":{"line":64,"column":5}},"line":45},"11":{"name":"(anonymous_11)","decl":{"start":{"line":52,"column":31},"end":{"line":52,"column":32}},"loc":{"start":{"line":52,"column":46},"end":{"line":62,"column":9}},"line":52},"12":{"name":"(anonymous_12)","decl":{"start":{"line":53,"column":40},"end":{"line":53,"column":41}},"loc":{"start":{"line":53,"column":52},"end":{"line":61,"column":11}},"line":53},"13":{"name":"closeMenu","decl":{"start":{"line":67,"column":20},"end":{"line":67,"column":29}},"loc":{"start":{"line":67,"column":32},"end":{"line":72,"column":5}},"line":67},"14":{"name":"render","decl":{"start":{"line":75,"column":20},"end":{"line":75,"column":26}},"loc":{"start":{"line":75,"column":29},"end":{"line":125,"column":5}},"line":75},"15":{"name":"(anonymous_15)","decl":{"start":{"line":111,"column":28},"end":{"line":111,"column":29}},"loc":{"start":{"line":111,"column":47},"end":{"line":113,"column":15}},"line":111},"16":{"name":"(anonymous_16)","decl":{"start":{"line":118,"column":29},"end":{"line":118,"column":30}},"loc":{"start":{"line":118,"column":44},"end":{"line":120,"column":15}},"line":118}},"branchMap":{"0":{"loc":{"start":{"line":7,"column":168},"end":{"line":7,"column":198}},"type":"binary-expr","locations":[{"start":{"line":7,"column":168},"end":{"line":7,"column":189}},{"start":{"line":7,"column":193},"end":{"line":7,"column":198}}],"line":7},"1":{"loc":{"start":{"line":7,"column":232},"end":{"line":7,"column":286}},"type":"if","locations":[{"start":{"line":7,"column":232},"end":{"line":7,"column":286}},{"start":{"line":7,"column":232},"end":{"line":7,"column":286}}],"line":7},"2":{"loc":{"start":{"line":7,"column":407},"end":{"line":7,"column":475}},"type":"if","locations":[{"start":{"line":7,"column":407},"end":{"line":7,"column":475}},{"start":{"line":7,"column":407},"end":{"line":7,"column":475}}],"line":7},"3":{"loc":{"start":{"line":7,"column":476},"end":{"line":7,"column":536}},"type":"if","locations":[{"start":{"line":7,"column":476},"end":{"line":7,"column":536}},{"start":{"line":7,"column":476},"end":{"line":7,"column":536}}],"line":7},"4":{"loc":{"start":{"line":17,"column":46},"end":{"line":17,"column":92}},"type":"cond-expr","locations":[{"start":{"line":17,"column":70},"end":{"line":17,"column":73}},{"start":{"line":17,"column":76},"end":{"line":17,"column":92}}],"line":17},"5":{"loc":{"start":{"line":17,"column":46},"end":{"line":17,"column":67}},"type":"binary-expr","locations":[{"start":{"line":17,"column":46},"end":{"line":17,"column":49}},{"start":{"line":17,"column":53},"end":{"line":17,"column":67}}],"line":17},"6":{"loc":{"start":{"line":19,"column":50},"end":{"line":19,"column":151}},"type":"if","locations":[{"start":{"line":19,"column":50},"end":{"line":19,"column":151}},{"start":{"line":19,"column":50},"end":{"line":19,"column":151}}],"line":19},"7":{"loc":{"start":{"line":21,"column":50},"end":{"line":21,"column":151}},"type":"if","locations":[{"start":{"line":21,"column":50},"end":{"line":21,"column":151}},{"start":{"line":21,"column":50},"end":{"line":21,"column":151}}],"line":21},"8":{"loc":{"start":{"line":21,"column":159},"end":{"line":21,"column":237}},"type":"cond-expr","locations":[{"start":{"line":21,"column":226},"end":{"line":21,"column":230}},{"start":{"line":21,"column":233},"end":{"line":21,"column":237}}],"line":21},"9":{"loc":{"start":{"line":21,"column":159},"end":{"line":21,"column":223}},"type":"binary-expr","locations":[{"start":{"line":21,"column":159},"end":{"line":21,"column":163}},{"start":{"line":21,"column":168},"end":{"line":21,"column":192}},{"start":{"line":21,"column":196},"end":{"line":21,"column":222}}],"line":21},"10":{"loc":{"start":{"line":23,"column":43},"end":{"line":23,"column":208}},"type":"if","locations":[{"start":{"line":23,"column":43},"end":{"line":23,"column":208}},{"start":{"line":23,"column":43},"end":{"line":23,"column":208}}],"line":23},"11":{"loc":{"start":{"line":23,"column":47},"end":{"line":23,"column":102}},"type":"binary-expr","locations":[{"start":{"line":23,"column":47},"end":{"line":23,"column":79}},{"start":{"line":23,"column":83},"end":{"line":23,"column":102}}],"line":23},"12":{"loc":{"start":{"line":23,"column":244},"end":{"line":23,"column":278}},"type":"binary-expr","locations":[{"start":{"line":23,"column":244},"end":{"line":23,"column":254}},{"start":{"line":23,"column":258},"end":{"line":23,"column":278}}],"line":23},"13":{"loc":{"start":{"line":23,"column":374},"end":{"line":23,"column":492}},"type":"if","locations":[{"start":{"line":23,"column":374},"end":{"line":23,"column":492}},{"start":{"line":23,"column":374},"end":{"line":23,"column":492}}],"line":23},"14":{"loc":{"start":{"line":23,"column":390},"end":{"line":23,"column":491}},"type":"cond-expr","locations":[{"start":{"line":23,"column":414},"end":{"line":23,"column":457}},{"start":{"line":23,"column":460},"end":{"line":23,"column":491}}],"line":23},"15":{"loc":{"start":{"line":35,"column":45},"end":{"line":35,"column":94}},"type":"binary-expr","locations":[{"start":{"line":35,"column":45},"end":{"line":35,"column":61}},{"start":{"line":35,"column":65},"end":{"line":35,"column":94}}],"line":35},"16":{"loc":{"start":{"line":50,"column":6},"end":{"line":63,"column":7}},"type":"if","locations":[{"start":{"line":50,"column":6},"end":{"line":63,"column":7}},{"start":{"line":50,"column":6},"end":{"line":63,"column":7}}],"line":50}},"s":{"0":0,"1":0,"2":0,"3":0,"4":0,"5":0,"6":0,"7":0,"8":0,"9":0,"10":0,"11":0,"12":0,"13":0,"14":0,"15":0,"16":0,"17":0,"18":0,"19":0,"20":0,"21":0,"22":0,"23":0,"24":0,"25":0,"26":0,"27":0,"28":0,"29":0,"30":0,"31":0,"32":0,"33":0,"34":0,"35":0,"36":0,"37":0,"38":0,"39":0,"40":0,"41":0,"42":0,"43":0,"44":0,"45":0,"46":0,"47":0,"48":0,"49":0,"50":0,"51":0,"52":0,"53":0,"54":0,"55":0},"f":{"0":0,"1":0,"2":0,"3":0,"4":0,"5":0,"6":0,"7":0,"8":0,"9":0,"10":0,"11":0,"12":0,"13":0,"14":0,"15":0,"16":0},"b":{"0":[0,0],"1":[0,0],"2":[0,0],"3":[0,0],"4":[0,0],"5":[0,0],"6":[0,0],"7":[0,0],"8":[0,0],"9":[0,0,0],"10":[0,0],"11":[0,0],"12":[0,0],"13":[0,0],"14":[0,0],"15":[0,0],"16":[0,0]}}
,"/home/wadah/Desktop/BrandonLondonTV/frontend/components/header/header_items.jsx": {"path":"/home/wadah/Desktop/BrandonLondonTV/frontend/components/header/header_items.jsx","statementMap":{"0":{"start":{"line":4,"column":26},"end":{"line":10,"column":1}},"1":{"start":{"line":5,"column":2},"end":{"line":9,"column":8}},"2":{"start":{"line":7,"column":67},"end":{"line":7,"column":71}},"3":{"start":{"line":12,"column":26},"end":{"line":18,"column":1}},"4":{"start":{"line":13,"column":2},"end":{"line":17,"column":7}},"5":{"start":{"line":14,"column":48},"end":{"line":14,"column":52}}},"fnMap":{"0":{"name":"(anonymous_0)","decl":{"start":{"line":4,"column":26},"end":{"line":4,"column":27}},"loc":{"start":{"line":5,"column":2},"end":{"line":9,"column":8}},"line":5},"1":{"name":"(anonymous_1)","decl":{"start":{"line":7,"column":61},"end":{"line":7,"column":62}},"loc":{"start":{"line":7,"column":67},"end":{"line":7,"column":71}},"line":7},"2":{"name":"(anonymous_2)","decl":{"start":{"line":12,"column":26},"end":{"line":12,"column":27}},"loc":{"start":{"line":13,"column":2},"end":{"line":17,"column":7}},"line":13},"3":{"name":"(anonymous_3)","decl":{"start":{"line":14,"column":42},"end":{"line":14,"column":43}},"loc":{"start":{"line":14,"column":48},"end":{"line":14,"column":52}},"line":14}},"branchMap":{},"s":{"0":1,"1":7,"2":0,"3":1,"4":6,"5":1},"f":{"0":7,"1":0,"2":6,"3":1},"b":{},"_coverageSchema":"332fd63041d2c1bcb487cc26dd0d5f7d97098a6c","hash":"954059b4f602feb812c52d346b9d30555a5cc684"}
}
