TN:
SF:/home/wadah/Desktop/BrandonLondonTV/frontend/brandon_london_tv.jsx
FN:15,_interopRequireDefault
FN:17,(anonymous_1)
FNF:2
FNH:0
FNDA:0,_interopRequireDefault
FNDA:0,(anonymous_1)
DA:3,0
DA:5,0
DA:7,0
DA:9,0
DA:11,0
DA:13,0
DA:15,0
DA:17,0
DA:18,0
DA:19,0
LF:10
LH:0
BRDA:15,0,0,0
BRDA:15,0,1,0
BRDA:15,1,0,0
BRDA:15,1,1,0
BRF:4
BRH:0
end_of_record
TN:
SF:/home/wadah/Desktop/BrandonLondonTV/frontend/components/App.jsx
FN:17,(anonymous_0)
FN:21,(anonymous_1)
FN:25,(anonymous_2)
FNF:3
FNH:2
FNDA:1,(anonymous_0)
FNDA:0,(anonymous_1)
FNDA:1,(anonymous_2)
DA:18,1
DA:22,0
DA:26,1
LF:3
LH:2
BRF:0
BRH:0
end_of_record
TN:
SF:/home/wadah/Desktop/BrandonLondonTV/frontend/components/__snapshots__/App.test.js.snap
FNF:0
FNH:0
DA:3,0
LF:1
LH:0
BRF:0
BRH:0
end_of_record
TN:
SF:/home/wadah/Desktop/BrandonLondonTV/frontend/components/about/About.jsx
FN:7,(anonymous_0)
FNF:1
FNH:1
FNDA:3,(anonymous_0)
DA:8,3
LF:1
LH:1
BRF:0
BRH:0
end_of_record
TN:
SF:/home/wadah/Desktop/BrandonLondonTV/frontend/components/blog/Blog.jsx
FN:6,(anonymous_0)
FN:11,(anonymous_1)
FN:13,(anonymous_2)
FN:16,(anonymous_3)
FN:19,(anonymous_4)
FN:23,(anonymous_5)
FN:26,(anonymous_6)
FN:33,(anonymous_7)
FN:37,(anonymous_8)
FNF:9
FNH:4
FNDA:1,(anonymous_0)
FNDA:1,(anonymous_1)
FNDA:0,(anonymous_2)
FNDA:0,(anonymous_3)
FNDA:1,(anonymous_4)
FNDA:2,(anonymous_5)
FNDA:0,(anonymous_6)
FNDA:0,(anonymous_7)
FNDA:0,(anonymous_8)
DA:7,1
DA:8,1
DA:12,1
DA:14,0
DA:17,0
DA:19,1
DA:24,2
DA:25,2
DA:26,0
DA:27,0
DA:33,2
DA:34,0
DA:37,2
DA:38,0
LF:14
LH:8
BRDA:25,0,0,2
BRDA:25,0,1,0
BRF:2
BRH:1
end_of_record
TN:
SF:/home/wadah/Desktop/BrandonLondonTV/frontend/components/blog/BlogShow.jsx
FN:5,(anonymous_0)
FN:10,(anonymous_1)
FN:14,(anonymous_2)
FN:17,(anonymous_3)
FN:20,(anonymous_4)
FN:23,(anonymous_5)
FN:24,(anonymous_6)
FN:55,(anonymous_7)
FNF:8
FNH:4
FNDA:1,(anonymous_0)
FNDA:1,(anonymous_1)
FNDA:0,(anonymous_2)
FNDA:0,(anonymous_3)
FNDA:1,(anonymous_4)
FNDA:0,(anonymous_5)
FNDA:0,(anonymous_6)
FNDA:2,(anonymous_7)
DA:6,1
DA:7,1
DA:11,1
DA:12,1
DA:13,1
DA:15,0
DA:18,0
DA:20,1
DA:24,0
DA:25,0
DA:27,0
DA:29,0
DA:38,0
DA:47,0
DA:49,0
DA:52,0
DA:56,2
DA:57,2
DA:58,0
LF:19
LH:8
BRDA:25,0,0,0
BRDA:25,0,1,0
BRDA:25,0,2,0
BRDA:25,0,3,0
BRDA:25,0,4,0
BRDA:57,1,0,2
BRDA:57,1,1,0
BRF:7
BRH:1
end_of_record
TN:
SF:/home/wadah/Desktop/BrandonLondonTV/frontend/components/blog/__snapshots__/Blog.test.js.snap
FNF:0
FNH:0
DA:3,0
LF:1
LH:0
BRF:0
BRH:0
end_of_record
TN:
SF:/home/wadah/Desktop/BrandonLondonTV/frontend/components/blog/__snapshots__/BlogShow.test.js.snap
FNF:0
FNH:0
DA:3,0
LF:1
LH:0
BRF:0
BRH:0
end_of_record
TN:
SF:/home/wadah/Desktop/BrandonLondonTV/frontend/components/contact/Contact.jsx
FN:5,(anonymous_0)
FNF:1
FNH:1
FNDA:1,(anonymous_0)
DA:6,1
LF:1
LH:1
BRF:0
BRH:0
end_of_record
TN:
SF:/home/wadah/Desktop/BrandonLondonTV/frontend/components/contact/__snapshots__/contact.test.js.snap
FNF:0
FNH:0
DA:3,0
LF:1
LH:0
BRF:0
BRH:0
end_of_record
TN:
SF:/home/wadah/Desktop/BrandonLondonTV/frontend/components/entertainment/Entertainment.jsx
FN:7,(anonymous_0)
FN:44,(anonymous_1)
FN:68,(anonymous_2)
FN:82,(anonymous_3)
FN:88,(anonymous_4)
FN:98,(anonymous_5)
FN:102,(anonymous_6)
FN:106,(anonymous_7)
FN:114,(anonymous_8)
FN:120,(anonymous_9)
FN:126,(anonymous_10)
FN:132,(anonymous_11)
FN:140,(anonymous_12)
FN:146,(anonymous_13)
FN:152,(anonymous_14)
FN:158,(anonymous_15)
FN:165,(anonymous_16)
FN:168,(anonymous_17)
FN:173,(anonymous_18)
FNF:19
FNH:6
FNDA:1,(anonymous_0)
FNDA:0,(anonymous_1)
FNDA:8,(anonymous_2)
FNDA:0,(anonymous_3)
FNDA:0,(anonymous_4)
FNDA:0,(anonymous_5)
FNDA:0,(anonymous_6)
FNDA:1,(anonymous_7)
FNDA:0,(anonymous_8)
FNDA:0,(anonymous_9)
FNDA:0,(anonymous_10)
FNDA:0,(anonymous_11)
FNDA:0,(anonymous_12)
FNDA:0,(anonymous_13)
FNDA:0,(anonymous_14)
FNDA:0,(anonymous_15)
FNDA:2,(anonymous_16)
FNDA:2,(anonymous_17)
FNDA:4,(anonymous_18)
DA:4,2
DA:8,1
DA:9,1
DA:28,1
DA:38,1
DA:39,1
DA:40,1
DA:41,1
DA:45,0
DA:46,0
DA:47,0
DA:49,0
DA:50,0
DA:51,0
DA:52,0
DA:53,0
DA:63,0
DA:64,0
DA:65,0
DA:69,8
DA:70,8
DA:71,8
DA:72,0
DA:74,8
DA:82,0
DA:89,0
DA:99,0
DA:103,0
DA:107,1
DA:114,0
DA:120,0
DA:126,0
DA:132,0
DA:140,0
DA:146,0
DA:152,0
DA:158,0
DA:165,2
DA:168,2
DA:173,4
LF:40
LH:16
BRDA:46,0,0,0
BRDA:46,0,1,0
BRDA:71,1,0,0
BRDA:71,1,1,8
BRDA:109,2,0,0
BRDA:109,2,1,1
BRF:6
BRH:2
end_of_record
TN:
SF:/home/wadah/Desktop/BrandonLondonTV/frontend/components/entertainment/__snapshots__/entertainment.test.js.snap
FNF:0
FNH:0
DA:3,0
LF:1
LH:0
BRF:0
BRH:0
end_of_record
TN:
SF:/home/wadah/Desktop/BrandonLondonTV/frontend/components/footer/Footer.jsx
FN:5,(anonymous_0)
FN:13,(anonymous_1)
FN:17,(anonymous_2)
FN:21,(anonymous_3)
FNF:4
FNH:2
FNDA:1,(anonymous_0)
FNDA:0,(anonymous_1)
FNDA:0,(anonymous_2)
FNDA:1,(anonymous_3)
DA:6,1
DA:7,1
DA:9,1
DA:10,1
DA:14,0
DA:18,0
DA:22,1
LF:7
LH:5
BRF:0
BRH:0
end_of_record
TN:
SF:/home/wadah/Desktop/BrandonLondonTV/frontend/components/footer/__snapshots__/footer.test.js.snap
FNF:0
FNH:0
DA:3,0
LF:1
LH:0
BRF:0
BRH:0
end_of_record
TN:
SF:/home/wadah/Desktop/BrandonLondonTV/frontend/components/header/Header.jsx
FN:13,(anonymous_0)
FN:18,(anonymous_1)
FN:22,(anonymous_2)
FN:34,(anonymous_3)
FN:46,(anonymous_4)
FN:52,(anonymous_5)
FN:53,(anonymous_6)
FN:63,(anonymous_7)
FN:72,(anonymous_8)
FN:95,(anonymous_9)
FN:100,(anonymous_10)
FNF:11
FNH:9
FNDA:3,(anonymous_0)
FNDA:2,(anonymous_1)
FNDA:3,(anonymous_2)
FNDA:3,(anonymous_3)
FNDA:3,(anonymous_4)
FNDA:0,(anonymous_5)
FNDA:0,(anonymous_6)
FNDA:1,(anonymous_7)
FNDA:3,(anonymous_8)
FNDA:21,(anonymous_9)
FNDA:12,(anonymous_10)
DA:5,2
DA:14,3
DA:15,3
DA:16,3
DA:19,2
DA:23,3
DA:35,3
DA:47,3
DA:51,3
DA:52,0
DA:53,0
DA:54,0
DA:55,0
DA:56,0
DA:57,0
DA:64,1
DA:65,1
DA:66,0
DA:67,0
DA:68,0
DA:73,3
DA:96,21
DA:101,12
LF:23
LH:14
BRDA:51,0,0,0
BRDA:51,0,1,3
BRDA:65,1,0,0
BRDA:65,1,1,1
BRF:4
BRH:2
end_of_record
TN:
SF:/home/wadah/Desktop/BrandonLondonTV/frontend/components/header/header_items.jsx
FN:4,(anonymous_0)
FN:7,(anonymous_1)
FN:12,(anonymous_2)
FN:14,(anonymous_3)
FNF:4
FNH:4
FNDA:19,(anonymous_0)
FNDA:1,(anonymous_1)
FNDA:27,(anonymous_2)
FNDA:1,(anonymous_3)
DA:4,3
DA:5,19
DA:7,1
DA:12,3
DA:13,27
DA:14,1
LF:6
LH:6
BRF:0
BRH:0
end_of_record
TN:
SF:/home/wadah/Desktop/BrandonLondonTV/frontend/components/joso/Joso.jsx
FN:4,(anonymous_0)
FN:16,(anonymous_1)
FN:17,(anonymous_2)
FN:22,(anonymous_3)
FN:27,(anonymous_4)
FN:37,(anonymous_5)
FN:42,(anonymous_6)
FN:44,(anonymous_7)
FN:60,(anonymous_8)
FNF:9
FNH:3
FNDA:1,(anonymous_0)
FNDA:1,(anonymous_1)
FNDA:0,(anonymous_2)
FNDA:0,(anonymous_3)
FNDA:0,(anonymous_4)
FNDA:0,(anonymous_5)
FNDA:0,(anonymous_6)
FNDA:0,(anonymous_7)
FNDA:1,(anonymous_8)
DA:5,1
DA:6,1
DA:11,1
DA:12,1
DA:13,1
DA:17,1
DA:18,0
DA:23,0
DA:24,0
DA:28,0
DA:34,0
DA:38,0
DA:39,0
DA:43,0
DA:44,0
DA:45,0
DA:61,1
LF:17
LH:7
BRF:0
BRH:0
end_of_record
TN:
SF:/home/wadah/Desktop/BrandonLondonTV/frontend/components/joso/__snapshots__/joso.test.js.snap
FNF:0
FNH:0
DA:3,0
LF:1
LH:0
BRF:0
BRH:0
end_of_record
TN:
SF:/home/wadah/Desktop/BrandonLondonTV/frontend/components/landingPage/Hero.jsx
FN:7,(anonymous_0)
FNF:1
FNH:0
FNDA:0,(anonymous_0)
DA:7,1
DA:8,0
LF:2
LH:1
BRF:0
BRH:0
end_of_record
TN:
SF:/home/wadah/Desktop/BrandonLondonTV/frontend/components/landingPage/InstagramFeed.jsx
FN:5,(anonymous_0)
FN:11,(anonymous_1)
FN:16,(anonymous_2)
FN:31,(anonymous_3)
FNF:4
FNH:0
FNDA:0,(anonymous_0)
FNDA:0,(anonymous_1)
FNDA:0,(anonymous_2)
FNDA:0,(anonymous_3)
DA:6,0
DA:7,0
DA:12,0
DA:17,0
DA:26,0
DA:27,0
DA:32,0
DA:33,0
LF:8
LH:0
BRF:0
BRH:0
end_of_record
TN:
SF:/home/wadah/Desktop/BrandonLondonTV/frontend/components/landingPage/Landing.jsx
FN:7,(anonymous_0)
FN:11,(anonymous_1)
FNF:2
FNH:0
FNDA:0,(anonymous_0)
FNDA:0,(anonymous_1)
DA:8,0
DA:12,0
LF:2
LH:0
BRF:0
BRH:0
end_of_record
TN:
SF:/home/wadah/Desktop/BrandonLondonTV/frontend/components/londonAthletic/LondonAthletic.jsx
FN:4,(anonymous_0)
FNF:1
FNH:1
FNDA:1,(anonymous_0)
DA:5,1
LF:1
LH:1
BRF:0
BRH:0
end_of_record
TN:
SF:/home/wadah/Desktop/BrandonLondonTV/frontend/components/londonAthletic/__snapshots__/londonAthletic.test.js.snap
FNF:0
FNH:0
DA:3,0
LF:1
LH:0
BRF:0
BRH:0
end_of_record
TN:
SF:/home/wadah/Desktop/BrandonLondonTV/frontend/components/misc/RecentVideoItem.js
FN:3,(anonymous_0)
FNF:1
FNH:0
FNDA:0,(anonymous_0)
DA:3,1
DA:4,0
LF:2
LH:1
BRF:0
BRH:0
end_of_record
TN:
SF:/home/wadah/Desktop/BrandonLondonTV/frontend/components/misc/UnderConstruction.jsx
FN:3,(anonymous_0)
FNF:1
FNH:0
FNDA:0,(anonymous_0)
DA:3,2
DA:4,0
LF:2
LH:1
BRF:0
BRH:0
end_of_record
TN:
SF:/home/wadah/Desktop/BrandonLondonTV/frontend/components/misc/Youtube.jsx
FN:16,(anonymous_0)
FN:26,(anonymous_1)
FN:27,(anonymous_2)
FN:32,(anonymous_3)
FN:36,(anonymous_4)
FN:41,(anonymous_5)
FN:46,(anonymous_6)
FN:56,(anonymous_7)
FN:61,(anonymous_8)
FN:69,(anonymous_9)
FNF:10
FNH:0
FNDA:0,(anonymous_0)
FNDA:0,(anonymous_1)
FNDA:0,(anonymous_2)
FNDA:0,(anonymous_3)
FNDA:0,(anonymous_4)
FNDA:0,(anonymous_5)
FNDA:0,(anonymous_6)
FNDA:0,(anonymous_7)
FNDA:0,(anonymous_8)
FNDA:0,(anonymous_9)
DA:5,1
DA:17,0
DA:19,0
DA:21,0
DA:22,0
DA:23,0
DA:27,0
DA:28,0
DA:33,0
DA:37,0
DA:38,0
DA:42,0
DA:43,0
DA:47,0
DA:53,0
DA:57,0
DA:58,0
DA:62,0
DA:63,0
DA:64,0
DA:66,0
DA:70,0
LF:22
LH:1
BRDA:63,0,0,0
BRDA:63,0,1,0
BRF:2
BRH:0
end_of_record
TN:
SF:/home/wadah/Desktop/BrandonLondonTV/frontend/components/press/Press.jsx
FN:4,(anonymous_0)
FN:10,(anonymous_1)
FN:14,(anonymous_2)
FN:16,(anonymous_3)
FN:17,(anonymous_4)
FN:22,(anonymous_5)
FN:28,(anonymous_6)
FN:31,(anonymous_7)
FN:46,(anonymous_8)
FN:48,(anonymous_9)
FNF:10
FNH:0
FNDA:0,(anonymous_0)
FNDA:0,(anonymous_1)
FNDA:0,(anonymous_2)
FNDA:0,(anonymous_3)
FNDA:0,(anonymous_4)
FNDA:0,(anonymous_5)
FNDA:0,(anonymous_6)
FNDA:0,(anonymous_7)
FNDA:0,(anonymous_8)
FNDA:0,(anonymous_9)
DA:5,0
DA:6,0
DA:7,0
DA:11,0
DA:15,0
DA:16,0
DA:18,0
DA:23,0
DA:25,0
DA:26,0
DA:28,0
DA:32,0
DA:46,1
DA:48,1
DA:49,0
LF:15
LH:2
BRDA:25,0,0,0
BRDA:25,0,1,0
BRF:2
BRH:0
end_of_record
